TGuildBrowserLogicTests
v5
r1
cCheck dependencies
cProcessInfoPlistFile /Users/apple/Desktop/GuildBrowser/build/Debug-iphonesimulator/GuildBrowserLogicTests.octest/Info.plist GuildBrowserLogicTests/GuildBrowserLogicTests-Info.plist
cProcessPCH /var/folders/s9/ksz8316j6p10jb02_sz5b9fh0000gn/C/com.apple.Xcode.501/SharedPrecompiledHeaders/GuildBrowserLogicTests-Prefix-fjocuxeseovragbzreoujxkawgmz/GuildBrowserLogicTests-Prefix.pch.pth GuildBrowserLogicTests/GuildBrowserLogicTests-Prefix.pch normal i386 objective-c com.apple.compilers.llvm.clang.1_0.compiler
cCompileC build/GuildBrowser.build/Debug-iphonesimulator/GuildBrowserLogicTests.build/Objects-normal/i386/WoWUtils.o /Users/apple/Desktop/GuildBrowser/GuildBrowser/WoWUtils.m normal i386 objective-c com.apple.compilers.llvm.clang.1_0.compiler
cCompileC build/GuildBrowser.build/Debug-iphonesimulator/GuildBrowserLogicTests.build/Objects-normal/i386/WowUtilsTests.o /Users/apple/Desktop/GuildBrowser/GuildBrowserLogicTests/WowUtilsTests.m normal i386 objective-c com.apple.compilers.llvm.clang.1_0.compiler
cCompileC build/GuildBrowser.build/Debug-iphonesimulator/GuildBrowserLogicTests.build/Objects-normal/i386/Item.o /Users/apple/Desktop/GuildBrowser/GuildBrowser/Item.m normal i386 objective-c com.apple.compilers.llvm.clang.1_0.compiler
cCompileC build/GuildBrowser.build/Debug-iphonesimulator/GuildBrowserLogicTests.build/Objects-normal/i386/Character.o /Users/apple/Desktop/GuildBrowser/GuildBrowser/Character.m normal i386 objective-c com.apple.compilers.llvm.clang.1_0.compiler
cCompileC build/GuildBrowser.build/Debug-iphonesimulator/GuildBrowserLogicTests.build/Objects-normal/i386/Guild.o /Users/apple/Desktop/GuildBrowser/GuildBrowser/Guild.m normal i386 objective-c com.apple.compilers.llvm.clang.1_0.compiler
cCompileC build/GuildBrowser.build/Debug-iphonesimulator/GuildBrowserLogicTests.build/Objects-normal/i386/CharacterTests.o /Users/apple/Desktop/GuildBrowser/GuildBrowserLogicTests/CharacterTests.m normal i386 objective-c com.apple.compilers.llvm.clang.1_0.compiler
cLd /Users/apple/Desktop/GuildBrowser/build/Debug-iphonesimulator/GuildBrowserLogicTests.octest/GuildBrowserLogicTests normal i386
cGenerateDSYMFile /Users/apple/Desktop/GuildBrowser/build/Debug-iphonesimulator/GuildBrowserLogicTests.octest.dSYM /Users/apple/Desktop/GuildBrowser/build/Debug-iphonesimulator/GuildBrowserLogicTests.octest/GuildBrowserLogicTests
cCopyStringsFile /Users/apple/Desktop/GuildBrowser/build/Debug-iphonesimulator/GuildBrowserLogicTests.octest/en.lproj/InfoPlist.strings GuildBrowserLogicTests/en.lproj/InfoPlist.strings
cCpResource testdata/character.json build/Debug-iphonesimulator/GuildBrowserLogicTests.octest/character.json
cCpResource testdata/guild.json build/Debug-iphonesimulator/GuildBrowserLogicTests.octest/guild.json
cPhaseScriptExecution "Run Script" /Users/apple/Desktop/GuildBrowser/build/GuildBrowser.build/Debug-iphonesimulator/GuildBrowserLogicTests.build/Script-18B834A017DCADD300C3664F.sh
cTouch /Users/apple/Desktop/GuildBrowser/build/Debug-iphonesimulator/GuildBrowserLogicTests.octest

N/Applications/Xcode.app/Contents/Developer/Library/Frameworks/SenTestingKit.framework/SenTestingKit
c0000000051380AC600000000000310B0
t1362627270
s200880

N/Applications/Xcode.app/Contents/Developer/Platforms/iPhoneSimulator.platform/Developer/SDKs/iPhoneSimulator6.1.sdk
c0000000050EDEAFB0000000000000110
t1357769467
s272

N/Applications/Xcode.app/Contents/Developer/Platforms/iPhoneSimulator.platform/Developer/SDKs/iPhoneSimulator6.1.sdk/Developer/Library/Frameworks/SenTestingKit.framework/Headers/NSException_SenTestFailure.h
c0000000051380ADA0000000000000E25
t1362627290
s3621

N/Applications/Xcode.app/Contents/Developer/Platforms/iPhoneSimulator.platform/Developer/SDKs/iPhoneSimulator6.1.sdk/Developer/Library/Frameworks/SenTestingKit.framework/Headers/SenInterfaceTestCase.h
c0000000051380ADA0000000000000701
t1362627290
s1793

N/Applications/Xcode.app/Contents/Developer/Platforms/iPhoneSimulator.platform/Developer/SDKs/iPhoneSimulator6.1.sdk/Developer/Library/Frameworks/SenTestingKit.framework/Headers/SenTest.h
c0000000051380ADA000000000000084C
t1362627290
s2124

N/Applications/Xcode.app/Contents/Developer/Platforms/iPhoneSimulator.platform/Developer/SDKs/iPhoneSimulator6.1.sdk/Developer/Library/Frameworks/SenTestingKit.framework/Headers/SenTestCase.h
c0000000051380ADA00000000000019FB
t1362627290
s6651

N/Applications/Xcode.app/Contents/Developer/Platforms/iPhoneSimulator.platform/Developer/SDKs/iPhoneSimulator6.1.sdk/Developer/Library/Frameworks/SenTestingKit.framework/Headers/SenTestCaseRun.h
c0000000051380ADA0000000000000875
t1362627290
s2165

N/Applications/Xcode.app/Contents/Developer/Platforms/iPhoneSimulator.platform/Developer/SDKs/iPhoneSimulator6.1.sdk/Developer/Library/Frameworks/SenTestingKit.framework/Headers/SenTestCase_Macros.h
c0000000051380ADA0000000000007F41
t1362627290
s32577

N/Applications/Xcode.app/Contents/Developer/Platforms/iPhoneSimulator.platform/Developer/SDKs/iPhoneSimulator6.1.sdk/Developer/Library/Frameworks/SenTestingKit.framework/Headers/SenTestDefines.h
c0000000051380ADA0000000000000947
t1362627290
s2375

N/Applications/Xcode.app/Contents/Developer/Platforms/iPhoneSimulator.platform/Developer/SDKs/iPhoneSimulator6.1.sdk/Developer/Library/Frameworks/SenTestingKit.framework/Headers/SenTestDistributedNotifier.h
c0000000051380ADA0000000000000800
t1362627290
s2048

N/Applications/Xcode.app/Contents/Developer/Platforms/iPhoneSimulator.platform/Developer/SDKs/iPhoneSimulator6.1.sdk/Developer/Library/Frameworks/SenTestingKit.framework/Headers/SenTestLog.h
c0000000051380ADA000000000000079D
t1362627290
s1949

N/Applications/Xcode.app/Contents/Developer/Platforms/iPhoneSimulator.platform/Developer/SDKs/iPhoneSimulator6.1.sdk/Developer/Library/Frameworks/SenTestingKit.framework/Headers/SenTestObserver.h
c0000000051380ADA0000000000000A6C
t1362627290
s2668

N/Applications/Xcode.app/Contents/Developer/Platforms/iPhoneSimulator.platform/Developer/SDKs/iPhoneSimulator6.1.sdk/Developer/Library/Frameworks/SenTestingKit.framework/Headers/SenTestProbe.h
c0000000051380ADA0000000000000AD1
t1362627290
s2769

N/Applications/Xcode.app/Contents/Developer/Platforms/iPhoneSimulator.platform/Developer/SDKs/iPhoneSimulator6.1.sdk/Developer/Library/Frameworks/SenTestingKit.framework/Headers/SenTestRun.h
c0000000051380ADA0000000000000A79
t1362627290
s2681

N/Applications/Xcode.app/Contents/Developer/Platforms/iPhoneSimulator.platform/Developer/SDKs/iPhoneSimulator6.1.sdk/Developer/Library/Frameworks/SenTestingKit.framework/Headers/SenTestSuite.h
c0000000051380ADA0000000000000CCF
t1362627290
s3279

N/Applications/Xcode.app/Contents/Developer/Platforms/iPhoneSimulator.platform/Developer/SDKs/iPhoneSimulator6.1.sdk/Developer/Library/Frameworks/SenTestingKit.framework/Headers/SenTestSuiteRun.h
c0000000051380ADA00000000000007E1
t1362627290
s2017

N/Applications/Xcode.app/Contents/Developer/Platforms/iPhoneSimulator.platform/Developer/SDKs/iPhoneSimulator6.1.sdk/Developer/Library/Frameworks/SenTestingKit.framework/Headers/SenTestingKit.h
c0000000051380ADA00000000000008A5
t1362627290
s2213

N/Applications/Xcode.app/Contents/Developer/Platforms/iPhoneSimulator.platform/Developer/SDKs/iPhoneSimulator6.1.sdk/Developer/Library/Frameworks/SenTestingKit.framework/Headers/SenTestingUtilities.h
c0000000051380ADA0000000000000C37
t1362627290
s3127

N/Applications/Xcode.app/Contents/Developer/Platforms/iPhoneSimulator.platform/Developer/SDKs/iPhoneSimulator6.1.sdk/System/Library/Frameworks/Foundation.framework/Foundation
c0000000051380AE200000000003DDFA0
t1362627298
s4054944

N/Applications/Xcode.app/Contents/Developer/Platforms/iPhoneSimulator.platform/Developer/SDKs/iPhoneSimulator6.1.sdk/System/Library/Frameworks/Foundation.framework/Headers/Foundation.h
c0000000051380AE200000000000015F7
t1362627298
s5623

N/Applications/Xcode.app/Contents/Developer/Platforms/iPhoneSimulator.platform/Developer/SDKs/iPhoneSimulator6.1.sdk/System/Library/Frameworks/UIKit.framework/Headers/UIKit.h
c0000000051380AE60000000000000E8D
t1362627302
s3725

N/Applications/Xcode.app/Contents/Developer/Platforms/iPhoneSimulator.platform/Developer/SDKs/iPhoneSimulator6.1.sdk/System/Library/Frameworks/UIKit.framework/UIKit
c0000000051380AE70000000000AB6230
t1362627303
s11231792

N/Users/apple/Desktop/GuildBrowser/GuildBrowser/Character.h
c000000005047CA800000000000000779
t1346882176
s1913

N/Users/apple/Desktop/GuildBrowser/GuildBrowser/Character.m
c000000005047CA800000000000001223
t1346882176
s4643

N/Users/apple/Desktop/GuildBrowser/GuildBrowser/Guild.h
c000000005047CA8000000000000001E7
t1346882176
s487

N/Users/apple/Desktop/GuildBrowser/GuildBrowser/Guild.m
c000000005047CA800000000000000938
t1346882176
s2360

N/Users/apple/Desktop/GuildBrowser/GuildBrowser/Item.h
c000000005047CA80000000000000030A
t1346882176
s778

N/Users/apple/Desktop/GuildBrowser/GuildBrowser/Item.m
c000000005047CA80000000000000046C
t1346882176
s1132

N/Users/apple/Desktop/GuildBrowser/GuildBrowser/WoWUtils.h
c000000005047CA8000000000000009BA
t1346882176
s2490

N/Users/apple/Desktop/GuildBrowser/GuildBrowser/WoWUtils.m
c00000000522C7ADD0000000000001380
t1378646749
s4992

N/Users/apple/Desktop/GuildBrowser/GuildBrowserLogicTests/CharacterTests.h
c00000000522CA0C500000000000000DD
t1378656453
s221

N/Users/apple/Desktop/GuildBrowser/GuildBrowserLogicTests/CharacterTests.m
c00000000522CA6040000000000001180
t1378657796
s4480

N/Users/apple/Desktop/GuildBrowser/GuildBrowserLogicTests/GuildBrowserLogicTests-Prefix.pch
c00000000522C765300000000000000D5
t1378645587
s213
i<UIKit/UIKit.h>
i<Foundation/Foundation.h>

N/Users/apple/Desktop/GuildBrowser/GuildBrowserLogicTests/WowUtilsTests.h
c00000000522C8B8800000000000000DB
t1378651016
s219

N/Users/apple/Desktop/GuildBrowser/GuildBrowserLogicTests/WowUtilsTests.m
c00000000522C931400000000000004B9
t1378652948
s1209

N/Users/apple/Desktop/GuildBrowser/GuildBrowserLogicTests/en.lproj/InfoPlist.strings
c00000000522C7653000000000000002D
t1378645587
s45

N/Users/apple/Desktop/GuildBrowser/build/Debug-iphonesimulator/GuildBrowserLogicTests.octest
t2
s0

N/Users/apple/Desktop/GuildBrowser/build/Debug-iphonesimulator/GuildBrowserLogicTests.octest.dSYM
t2
s0

N/Users/apple/Desktop/GuildBrowser/build/Debug-iphonesimulator/GuildBrowserLogicTests.octest/GuildBrowserLogicTests
t2
s0

N/Users/apple/Desktop/GuildBrowser/build/Debug-iphonesimulator/GuildBrowserLogicTests.octest/Info.plist
t2
s0

N/Users/apple/Desktop/GuildBrowser/build/Debug-iphonesimulator/GuildBrowserLogicTests.octest/character.json
t2
s0

N/Users/apple/Desktop/GuildBrowser/build/Debug-iphonesimulator/GuildBrowserLogicTests.octest/en.lproj/InfoPlist.strings
t2
s0

N/Users/apple/Desktop/GuildBrowser/build/Debug-iphonesimulator/GuildBrowserLogicTests.octest/guild.json
t2
s0

N/Users/apple/Desktop/GuildBrowser/build/GuildBrowser.build/Debug-iphonesimulator/GuildBrowserLogicTests.build/Objects-normal/i386/Character.o
t2
s0

N/Users/apple/Desktop/GuildBrowser/build/GuildBrowser.build/Debug-iphonesimulator/GuildBrowserLogicTests.build/Objects-normal/i386/CharacterTests.o
t2
s0

N/Users/apple/Desktop/GuildBrowser/build/GuildBrowser.build/Debug-iphonesimulator/GuildBrowserLogicTests.build/Objects-normal/i386/Guild.o
t2
s0

N/Users/apple/Desktop/GuildBrowser/build/GuildBrowser.build/Debug-iphonesimulator/GuildBrowserLogicTests.build/Objects-normal/i386/GuildBrowserLogicTests.LinkFileList
c00000000522CA9E50000000000000353
t1378658789
s851

N/Users/apple/Desktop/GuildBrowser/build/GuildBrowser.build/Debug-iphonesimulator/GuildBrowserLogicTests.build/Objects-normal/i386/Item.o
t2
s0

N/Users/apple/Desktop/GuildBrowser/build/GuildBrowser.build/Debug-iphonesimulator/GuildBrowserLogicTests.build/Objects-normal/i386/WoWUtils.o
t2
s0

N/Users/apple/Desktop/GuildBrowser/build/GuildBrowser.build/Debug-iphonesimulator/GuildBrowserLogicTests.build/Objects-normal/i386/WowUtilsTests.o
t2
s0

N/Users/apple/Desktop/GuildBrowser/build/GuildBrowser.build/Debug-iphonesimulator/GuildBrowserLogicTests.build/Script-18B834A017DCADD300C3664F.sh
c00000000522CA9E50000000000000062
t1378658789
s98

N/Users/apple/Desktop/GuildBrowser/testdata/character.json
c0000000050473C7C00000000000019EC
t1346845820
s6636

N/Users/apple/Desktop/GuildBrowser/testdata/guild.json
c00000000503AEFC30000000000002361
t1346039747
s9057

N/var/folders/s9/ksz8316j6p10jb02_sz5b9fh0000gn/C/com.apple.Xcode.501/SharedPrecompiledHeaders/GuildBrowserLogicTests-Prefix-fjocuxeseovragbzreoujxkawgmz/GuildBrowserLogicTests-Prefix.pch.pth
t2
s0

NGuildBrowserLogicTests/GuildBrowserLogicTests-Info.plist
c00000000522C765300000000000002AF
t1378645587
s687

CCheck dependencies
r0
lSLF05#21%IDEActivityLogSection1@2#32"com.apple.dt.IDE.BuildLogSection18"Check dependencies9f3c5865e1dcb741^b0e36365e1dcb741^---0#1#0#--18"Check dependencies36"6A89891E-45AE-488B-A0ED-DEC8A787EADC-

CCompileC build/GuildBrowser.build/Debug-iphonesimulator/GuildBrowserLogicTests.build/Objects-normal/i386/Character.o /Users/apple/Desktop/GuildBrowser/GuildBrowser/Character.m normal i386 objective-c com.apple.compilers.llvm.clang.1_0.compiler
s400351589.737058
e400351589.835804
r1
xCompileC
xbuild/GuildBrowser.build/Debug-iphonesimulator/GuildBrowserLogicTests.build/Objects-normal/i386/Character.o
x/Users/apple/Desktop/GuildBrowser/GuildBrowser/Character.m
xnormal
xi386
xobjective-c
xcom.apple.compilers.llvm.clang.1_0.compiler
lSLF05#21%IDEActivityLogSection1@2#32"com.apple.dt.IDE.BuildLogSection66"Compile /Users/apple/Desktop/GuildBrowser/GuildBrowser/Character.me2e6bc65e1dcb741^fdf6d565e1dcb741^---0#0#0#-19%DVTDocumentLocation2@74"file://localhost/Users/apple/Desktop/GuildBrowser/GuildBrowser/Character.m0000000000000000^4051"CompileC build/GuildBrowser.build/Debug-iphonesimulator/GuildBrowserLogicTests.build/Objects-normal/i386/Character.o GuildBrowser/Character.m normal i386 objective-c com.apple.compilers.llvm.clang.1_0.compiler    cd /Users/apple/Desktop/GuildBrowser    setenv LANG en_US.US-ASCII    setenv PATH "/Applications/Xcode.app/Contents/Developer/Platforms/iPhoneSimulator.platform/Developer/usr/bin:/Applications/Xcode.app/Contents/Developer/usr/bin:/usr/local/share/npm/bin:/usr/bin:/bin:/usr/sbin:/sbin:/usr/local/bin:/usr/X11/bin:/Users/apple/program/android/adt-bundle-mac-x86_64/sdk/platform-tools:/Users/apple/program/android/adt-bundle-mac-x86_64/sdk/tools"    /Applications/Xcode.app/Contents/Developer/Toolchains/XcodeDefault.xctoolchain/usr/bin/clang -x objective-c -arch i386 -fmessage-length=0 -std=gnu99 -fobjc-arc -Wno-trigraphs -fpascal-strings -O0 -Wno-missing-field-initializers -Wno-missing-prototypes -Wreturn-type -Wno-implicit-atomic-properties -Wno-receiver-is-weak -Wduplicate-method-match -Wformat -Wno-missing-braces -Wparentheses -Wswitch -Wno-unused-function -Wno-unused-label -Wno-unused-parameter -Wunused-variable -Wunused-value -Wempty-body -Wuninitialized -Wno-unknown-pragmas -Wno-shadow -Wno-four-char-constants -Wno-conversion -Wconstant-conversion -Wint-conversion -Wenum-conversion -Wno-shorten-64-to-32 -Wpointer-sign -Wno-newline-eof -Wno-selector -Wno-strict-selector-match -Wno-undeclared-selector -Wno-deprecated-implementations -DDEBUG=1 -isysroot /Applications/Xcode.app/Contents/Developer/Platforms/iPhoneSimulator.platform/Developer/SDKs/iPhoneSimulator6.1.sdk -fexceptions -fasm-blocks -fstrict-aliasing -Wprotocol -Wdeprecated-declarations -g -Wno-sign-conversion -fobjc-abi-version=2 -fobjc-legacy-dispatch -mios-simulator-version-min=6.1 -iquote /Users/apple/Desktop/GuildBrowser/build/GuildBrowser.build/Debug-iphonesimulator/GuildBrowserLogicTests.build/GuildBrowserLogicTests-generated-files.hmap -I/Users/apple/Desktop/GuildBrowser/build/GuildBrowser.build/Debug-iphonesimulator/GuildBrowserLogicTests.build/GuildBrowserLogicTests-own-target-headers.hmap -I/Users/apple/Desktop/GuildBrowser/build/GuildBrowser.build/Debug-iphonesimulator/GuildBrowserLogicTests.build/GuildBrowserLogicTests-all-target-headers.hmap -iquote /Users/apple/Desktop/GuildBrowser/build/GuildBrowser.build/Debug-iphonesimulator/GuildBrowserLogicTests.build/GuildBrowserLogicTests-project-headers.hmap -I/Users/apple/Desktop/GuildBrowser/build/Debug-iphonesimulator/include -I/Applications/Xcode.app/Contents/Developer/Toolchains/XcodeDefault.xctoolchain/usr/include -I/Applications/Xcode.app/Contents/Developer/Toolchains/XcodeDefault.xctoolchain/usr/include -I/Applications/Xcode.app/Contents/Developer/Toolchains/XcodeDefault.xctoolchain/usr/include -I/Users/apple/Desktop/GuildBrowser/build/GuildBrowser.build/Debug-iphonesimulator/GuildBrowserLogicTests.build/DerivedSources/i386 -I/Users/apple/Desktop/GuildBrowser/build/GuildBrowser.build/Debug-iphonesimulator/GuildBrowserLogicTests.build/DerivedSources -F/Users/apple/Desktop/GuildBrowser/build/Debug-iphonesimulator -F/Applications/Xcode.app/Contents/Developer/Platforms/iPhoneSimulator.platform/Developer/SDKs/iPhoneSimulator6.1.sdk/Developer/Library/Frameworks -F/Applications/Xcode.app/Contents/Developer/Library/Frameworks -include /var/folders/s9/ksz8316j6p10jb02_sz5b9fh0000gn/C/com.apple.Xcode.501/SharedPrecompiledHeaders/GuildBrowserLogicTests-Prefix-fjocuxeseovragbzreoujxkawgmz/GuildBrowserLogicTests-Prefix.pch -MMD -MT dependencies -MF /Users/apple/Desktop/GuildBrowser/build/GuildBrowser.build/Debug-iphonesimulator/GuildBrowserLogicTests.build/Objects-normal/i386/Character.d --serialize-diagnostics /Users/apple/Desktop/GuildBrowser/build/GuildBrowser.build/Debug-iphonesimulator/GuildBrowserLogicTests.build/Objects-normal/i386/Character.dia -c /Users/apple/Desktop/GuildBrowser/GuildBrowser/Character.m -o /Users/apple/Desktop/GuildBrowser/build/GuildBrowser.build/Debug-iphonesimulator/GuildBrowserLogicTests.build/Objects-normal/i386/Character.o36"5F7A8B15-B9B5-473C-9CA3-C7B38991EC9F-

CCompileC build/GuildBrowser.build/Debug-iphonesimulator/GuildBrowserLogicTests.build/Objects-normal/i386/CharacterTests.o /Users/apple/Desktop/GuildBrowser/GuildBrowserLogicTests/CharacterTests.m normal i386 objective-c com.apple.compilers.llvm.clang.1_0.compiler
s400351589.785029
e400351589.942723
r1
xCompileC
xbuild/GuildBrowser.build/Debug-iphonesimulator/GuildBrowserLogicTests.build/Objects-normal/i386/CharacterTests.o
x/Users/apple/Desktop/GuildBrowser/GuildBrowserLogicTests/CharacterTests.m
xnormal
xi386
xobjective-c
xcom.apple.compilers.llvm.clang.1_0.compiler
lSLF05#21%IDEActivityLogSection1@2#32"com.apple.dt.IDE.BuildLogSection81"Compile /Users/apple/Desktop/GuildBrowser/GuildBrowserLogicTests/CharacterTests.ma436c965e1dcb741^f356f165e1dcb741^---0#0#0#-19%DVTDocumentLocation2@89"file://localhost/Users/apple/Desktop/GuildBrowser/GuildBrowserLogicTests/CharacterTests.m0000000000000000^4101"CompileC build/GuildBrowser.build/Debug-iphonesimulator/GuildBrowserLogicTests.build/Objects-normal/i386/CharacterTests.o GuildBrowserLogicTests/CharacterTests.m normal i386 objective-c com.apple.compilers.llvm.clang.1_0.compiler    cd /Users/apple/Desktop/GuildBrowser    setenv LANG en_US.US-ASCII    setenv PATH "/Applications/Xcode.app/Contents/Developer/Platforms/iPhoneSimulator.platform/Developer/usr/bin:/Applications/Xcode.app/Contents/Developer/usr/bin:/usr/local/share/npm/bin:/usr/bin:/bin:/usr/sbin:/sbin:/usr/local/bin:/usr/X11/bin:/Users/apple/program/android/adt-bundle-mac-x86_64/sdk/platform-tools:/Users/apple/program/android/adt-bundle-mac-x86_64/sdk/tools"    /Applications/Xcode.app/Contents/Developer/Toolchains/XcodeDefault.xctoolchain/usr/bin/clang -x objective-c -arch i386 -fmessage-length=0 -std=gnu99 -fobjc-arc -Wno-trigraphs -fpascal-strings -O0 -Wno-missing-field-initializers -Wno-missing-prototypes -Wreturn-type -Wno-implicit-atomic-properties -Wno-receiver-is-weak -Wduplicate-method-match -Wformat -Wno-missing-braces -Wparentheses -Wswitch -Wno-unused-function -Wno-unused-label -Wno-unused-parameter -Wunused-variable -Wunused-value -Wempty-body -Wuninitialized -Wno-unknown-pragmas -Wno-shadow -Wno-four-char-constants -Wno-conversion -Wconstant-conversion -Wint-conversion -Wenum-conversion -Wno-shorten-64-to-32 -Wpointer-sign -Wno-newline-eof -Wno-selector -Wno-strict-selector-match -Wno-undeclared-selector -Wno-deprecated-implementations -DDEBUG=1 -isysroot /Applications/Xcode.app/Contents/Developer/Platforms/iPhoneSimulator.platform/Developer/SDKs/iPhoneSimulator6.1.sdk -fexceptions -fasm-blocks -fstrict-aliasing -Wprotocol -Wdeprecated-declarations -g -Wno-sign-conversion -fobjc-abi-version=2 -fobjc-legacy-dispatch -mios-simulator-version-min=6.1 -iquote /Users/apple/Desktop/GuildBrowser/build/GuildBrowser.build/Debug-iphonesimulator/GuildBrowserLogicTests.build/GuildBrowserLogicTests-generated-files.hmap -I/Users/apple/Desktop/GuildBrowser/build/GuildBrowser.build/Debug-iphonesimulator/GuildBrowserLogicTests.build/GuildBrowserLogicTests-own-target-headers.hmap -I/Users/apple/Desktop/GuildBrowser/build/GuildBrowser.build/Debug-iphonesimulator/GuildBrowserLogicTests.build/GuildBrowserLogicTests-all-target-headers.hmap -iquote /Users/apple/Desktop/GuildBrowser/build/GuildBrowser.build/Debug-iphonesimulator/GuildBrowserLogicTests.build/GuildBrowserLogicTests-project-headers.hmap -I/Users/apple/Desktop/GuildBrowser/build/Debug-iphonesimulator/include -I/Applications/Xcode.app/Contents/Developer/Toolchains/XcodeDefault.xctoolchain/usr/include -I/Applications/Xcode.app/Contents/Developer/Toolchains/XcodeDefault.xctoolchain/usr/include -I/Applications/Xcode.app/Contents/Developer/Toolchains/XcodeDefault.xctoolchain/usr/include -I/Users/apple/Desktop/GuildBrowser/build/GuildBrowser.build/Debug-iphonesimulator/GuildBrowserLogicTests.build/DerivedSources/i386 -I/Users/apple/Desktop/GuildBrowser/build/GuildBrowser.build/Debug-iphonesimulator/GuildBrowserLogicTests.build/DerivedSources -F/Users/apple/Desktop/GuildBrowser/build/Debug-iphonesimulator -F/Applications/Xcode.app/Contents/Developer/Platforms/iPhoneSimulator.platform/Developer/SDKs/iPhoneSimulator6.1.sdk/Developer/Library/Frameworks -F/Applications/Xcode.app/Contents/Developer/Library/Frameworks -include /var/folders/s9/ksz8316j6p10jb02_sz5b9fh0000gn/C/com.apple.Xcode.501/SharedPrecompiledHeaders/GuildBrowserLogicTests-Prefix-fjocuxeseovragbzreoujxkawgmz/GuildBrowserLogicTests-Prefix.pch -MMD -MT dependencies -MF /Users/apple/Desktop/GuildBrowser/build/GuildBrowser.build/Debug-iphonesimulator/GuildBrowserLogicTests.build/Objects-normal/i386/CharacterTests.d --serialize-diagnostics /Users/apple/Desktop/GuildBrowser/build/GuildBrowser.build/Debug-iphonesimulator/GuildBrowserLogicTests.build/Objects-normal/i386/CharacterTests.dia -c /Users/apple/Desktop/GuildBrowser/GuildBrowserLogicTests/CharacterTests.m -o /Users/apple/Desktop/GuildBrowser/build/GuildBrowser.build/Debug-iphonesimulator/GuildBrowserLogicTests.build/Objects-normal/i386/CharacterTests.o36"1CDD873F-5C21-4CCA-B250-0F490E652815-

CCompileC build/GuildBrowser.build/Debug-iphonesimulator/GuildBrowserLogicTests.build/Objects-normal/i386/Guild.o /Users/apple/Desktop/GuildBrowser/GuildBrowser/Guild.m normal i386 objective-c com.apple.compilers.llvm.clang.1_0.compiler
s400351589.779656
e400351589.828387
r1
xCompileC
xbuild/GuildBrowser.build/Debug-iphonesimulator/GuildBrowserLogicTests.build/Objects-normal/i386/Guild.o
x/Users/apple/Desktop/GuildBrowser/GuildBrowser/Guild.m
xnormal
xi386
xobjective-c
xcom.apple.compilers.llvm.clang.1_0.compiler
lSLF05#21%IDEActivityLogSection1@2#32"com.apple.dt.IDE.BuildLogSection62"Compile /Users/apple/Desktop/GuildBrowser/GuildBrowser/Guild.m3accc765e1dcb741^8410d465e1dcb741^---0#0#0#-19%DVTDocumentLocation2@70"file://localhost/Users/apple/Desktop/GuildBrowser/GuildBrowser/Guild.m0000000000000000^4027"CompileC build/GuildBrowser.build/Debug-iphonesimulator/GuildBrowserLogicTests.build/Objects-normal/i386/Guild.o GuildBrowser/Guild.m normal i386 objective-c com.apple.compilers.llvm.clang.1_0.compiler    cd /Users/apple/Desktop/GuildBrowser    setenv LANG en_US.US-ASCII    setenv PATH "/Applications/Xcode.app/Contents/Developer/Platforms/iPhoneSimulator.platform/Developer/usr/bin:/Applications/Xcode.app/Contents/Developer/usr/bin:/usr/local/share/npm/bin:/usr/bin:/bin:/usr/sbin:/sbin:/usr/local/bin:/usr/X11/bin:/Users/apple/program/android/adt-bundle-mac-x86_64/sdk/platform-tools:/Users/apple/program/android/adt-bundle-mac-x86_64/sdk/tools"    /Applications/Xcode.app/Contents/Developer/Toolchains/XcodeDefault.xctoolchain/usr/bin/clang -x objective-c -arch i386 -fmessage-length=0 -std=gnu99 -fobjc-arc -Wno-trigraphs -fpascal-strings -O0 -Wno-missing-field-initializers -Wno-missing-prototypes -Wreturn-type -Wno-implicit-atomic-properties -Wno-receiver-is-weak -Wduplicate-method-match -Wformat -Wno-missing-braces -Wparentheses -Wswitch -Wno-unused-function -Wno-unused-label -Wno-unused-parameter -Wunused-variable -Wunused-value -Wempty-body -Wuninitialized -Wno-unknown-pragmas -Wno-shadow -Wno-four-char-constants -Wno-conversion -Wconstant-conversion -Wint-conversion -Wenum-conversion -Wno-shorten-64-to-32 -Wpointer-sign -Wno-newline-eof -Wno-selector -Wno-strict-selector-match -Wno-undeclared-selector -Wno-deprecated-implementations -DDEBUG=1 -isysroot /Applications/Xcode.app/Contents/Developer/Platforms/iPhoneSimulator.platform/Developer/SDKs/iPhoneSimulator6.1.sdk -fexceptions -fasm-blocks -fstrict-aliasing -Wprotocol -Wdeprecated-declarations -g -Wno-sign-conversion -fobjc-abi-version=2 -fobjc-legacy-dispatch -mios-simulator-version-min=6.1 -iquote /Users/apple/Desktop/GuildBrowser/build/GuildBrowser.build/Debug-iphonesimulator/GuildBrowserLogicTests.build/GuildBrowserLogicTests-generated-files.hmap -I/Users/apple/Desktop/GuildBrowser/build/GuildBrowser.build/Debug-iphonesimulator/GuildBrowserLogicTests.build/GuildBrowserLogicTests-own-target-headers.hmap -I/Users/apple/Desktop/GuildBrowser/build/GuildBrowser.build/Debug-iphonesimulator/GuildBrowserLogicTests.build/GuildBrowserLogicTests-all-target-headers.hmap -iquote /Users/apple/Desktop/GuildBrowser/build/GuildBrowser.build/Debug-iphonesimulator/GuildBrowserLogicTests.build/GuildBrowserLogicTests-project-headers.hmap -I/Users/apple/Desktop/GuildBrowser/build/Debug-iphonesimulator/include -I/Applications/Xcode.app/Contents/Developer/Toolchains/XcodeDefault.xctoolchain/usr/include -I/Applications/Xcode.app/Contents/Developer/Toolchains/XcodeDefault.xctoolchain/usr/include -I/Applications/Xcode.app/Contents/Developer/Toolchains/XcodeDefault.xctoolchain/usr/include -I/Users/apple/Desktop/GuildBrowser/build/GuildBrowser.build/Debug-iphonesimulator/GuildBrowserLogicTests.build/DerivedSources/i386 -I/Users/apple/Desktop/GuildBrowser/build/GuildBrowser.build/Debug-iphonesimulator/GuildBrowserLogicTests.build/DerivedSources -F/Users/apple/Desktop/GuildBrowser/build/Debug-iphonesimulator -F/Applications/Xcode.app/Contents/Developer/Platforms/iPhoneSimulator.platform/Developer/SDKs/iPhoneSimulator6.1.sdk/Developer/Library/Frameworks -F/Applications/Xcode.app/Contents/Developer/Library/Frameworks -include /var/folders/s9/ksz8316j6p10jb02_sz5b9fh0000gn/C/com.apple.Xcode.501/SharedPrecompiledHeaders/GuildBrowserLogicTests-Prefix-fjocuxeseovragbzreoujxkawgmz/GuildBrowserLogicTests-Prefix.pch -MMD -MT dependencies -MF /Users/apple/Desktop/GuildBrowser/build/GuildBrowser.build/Debug-iphonesimulator/GuildBrowserLogicTests.build/Objects-normal/i386/Guild.d --serialize-diagnostics /Users/apple/Desktop/GuildBrowser/build/GuildBrowser.build/Debug-iphonesimulator/GuildBrowserLogicTests.build/Objects-normal/i386/Guild.dia -c /Users/apple/Desktop/GuildBrowser/GuildBrowser/Guild.m -o /Users/apple/Desktop/GuildBrowser/build/GuildBrowser.build/Debug-iphonesimulator/GuildBrowserLogicTests.build/Objects-normal/i386/Guild.o36"80C9F469-A6E6-4464-A6DE-882CCF3BE27B-

CCompileC build/GuildBrowser.build/Debug-iphonesimulator/GuildBrowserLogicTests.build/Objects-normal/i386/Item.o /Users/apple/Desktop/GuildBrowser/GuildBrowser/Item.m normal i386 objective-c com.apple.compilers.llvm.clang.1_0.compiler
s400351589.737041
e400351589.783713
r1
xCompileC
xbuild/GuildBrowser.build/Debug-iphonesimulator/GuildBrowserLogicTests.build/Objects-normal/i386/Item.o
x/Users/apple/Desktop/GuildBrowser/GuildBrowser/Item.m
xnormal
xi386
xobjective-c
xcom.apple.compilers.llvm.clang.1_0.compiler
lSLF05#21%IDEActivityLogSection1@2#32"com.apple.dt.IDE.BuildLogSection61"Compile /Users/apple/Desktop/GuildBrowser/GuildBrowser/Item.m8ee6bc65e1dcb741^f2b0c865e1dcb741^---0#0#0#-19%DVTDocumentLocation2@69"file://localhost/Users/apple/Desktop/GuildBrowser/GuildBrowser/Item.m0000000000000000^4021"CompileC build/GuildBrowser.build/Debug-iphonesimulator/GuildBrowserLogicTests.build/Objects-normal/i386/Item.o GuildBrowser/Item.m normal i386 objective-c com.apple.compilers.llvm.clang.1_0.compiler    cd /Users/apple/Desktop/GuildBrowser    setenv LANG en_US.US-ASCII    setenv PATH "/Applications/Xcode.app/Contents/Developer/Platforms/iPhoneSimulator.platform/Developer/usr/bin:/Applications/Xcode.app/Contents/Developer/usr/bin:/usr/local/share/npm/bin:/usr/bin:/bin:/usr/sbin:/sbin:/usr/local/bin:/usr/X11/bin:/Users/apple/program/android/adt-bundle-mac-x86_64/sdk/platform-tools:/Users/apple/program/android/adt-bundle-mac-x86_64/sdk/tools"    /Applications/Xcode.app/Contents/Developer/Toolchains/XcodeDefault.xctoolchain/usr/bin/clang -x objective-c -arch i386 -fmessage-length=0 -std=gnu99 -fobjc-arc -Wno-trigraphs -fpascal-strings -O0 -Wno-missing-field-initializers -Wno-missing-prototypes -Wreturn-type -Wno-implicit-atomic-properties -Wno-receiver-is-weak -Wduplicate-method-match -Wformat -Wno-missing-braces -Wparentheses -Wswitch -Wno-unused-function -Wno-unused-label -Wno-unused-parameter -Wunused-variable -Wunused-value -Wempty-body -Wuninitialized -Wno-unknown-pragmas -Wno-shadow -Wno-four-char-constants -Wno-conversion -Wconstant-conversion -Wint-conversion -Wenum-conversion -Wno-shorten-64-to-32 -Wpointer-sign -Wno-newline-eof -Wno-selector -Wno-strict-selector-match -Wno-undeclared-selector -Wno-deprecated-implementations -DDEBUG=1 -isysroot /Applications/Xcode.app/Contents/Developer/Platforms/iPhoneSimulator.platform/Developer/SDKs/iPhoneSimulator6.1.sdk -fexceptions -fasm-blocks -fstrict-aliasing -Wprotocol -Wdeprecated-declarations -g -Wno-sign-conversion -fobjc-abi-version=2 -fobjc-legacy-dispatch -mios-simulator-version-min=6.1 -iquote /Users/apple/Desktop/GuildBrowser/build/GuildBrowser.build/Debug-iphonesimulator/GuildBrowserLogicTests.build/GuildBrowserLogicTests-generated-files.hmap -I/Users/apple/Desktop/GuildBrowser/build/GuildBrowser.build/Debug-iphonesimulator/GuildBrowserLogicTests.build/GuildBrowserLogicTests-own-target-headers.hmap -I/Users/apple/Desktop/GuildBrowser/build/GuildBrowser.build/Debug-iphonesimulator/GuildBrowserLogicTests.build/GuildBrowserLogicTests-all-target-headers.hmap -iquote /Users/apple/Desktop/GuildBrowser/build/GuildBrowser.build/Debug-iphonesimulator/GuildBrowserLogicTests.build/GuildBrowserLogicTests-project-headers.hmap -I/Users/apple/Desktop/GuildBrowser/build/Debug-iphonesimulator/include -I/Applications/Xcode.app/Contents/Developer/Toolchains/XcodeDefault.xctoolchain/usr/include -I/Applications/Xcode.app/Contents/Developer/Toolchains/XcodeDefault.xctoolchain/usr/include -I/Applications/Xcode.app/Contents/Developer/Toolchains/XcodeDefault.xctoolchain/usr/include -I/Users/apple/Desktop/GuildBrowser/build/GuildBrowser.build/Debug-iphonesimulator/GuildBrowserLogicTests.build/DerivedSources/i386 -I/Users/apple/Desktop/GuildBrowser/build/GuildBrowser.build/Debug-iphonesimulator/GuildBrowserLogicTests.build/DerivedSources -F/Users/apple/Desktop/GuildBrowser/build/Debug-iphonesimulator -F/Applications/Xcode.app/Contents/Developer/Platforms/iPhoneSimulator.platform/Developer/SDKs/iPhoneSimulator6.1.sdk/Developer/Library/Frameworks -F/Applications/Xcode.app/Contents/Developer/Library/Frameworks -include /var/folders/s9/ksz8316j6p10jb02_sz5b9fh0000gn/C/com.apple.Xcode.501/SharedPrecompiledHeaders/GuildBrowserLogicTests-Prefix-fjocuxeseovragbzreoujxkawgmz/GuildBrowserLogicTests-Prefix.pch -MMD -MT dependencies -MF /Users/apple/Desktop/GuildBrowser/build/GuildBrowser.build/Debug-iphonesimulator/GuildBrowserLogicTests.build/Objects-normal/i386/Item.d --serialize-diagnostics /Users/apple/Desktop/GuildBrowser/build/GuildBrowser.build/Debug-iphonesimulator/GuildBrowserLogicTests.build/Objects-normal/i386/Item.dia -c /Users/apple/Desktop/GuildBrowser/GuildBrowser/Item.m -o /Users/apple/Desktop/GuildBrowser/build/GuildBrowser.build/Debug-iphonesimulator/GuildBrowserLogicTests.build/Objects-normal/i386/Item.o36"102A0768-3276-4CE7-9239-7351D635D809-

CCompileC build/GuildBrowser.build/Debug-iphonesimulator/GuildBrowserLogicTests.build/Objects-normal/i386/WoWUtils.o /Users/apple/Desktop/GuildBrowser/GuildBrowser/WoWUtils.m normal i386 objective-c com.apple.compilers.llvm.clang.1_0.compiler
s400351589.736588
e400351589.778376
r1
xCompileC
xbuild/GuildBrowser.build/Debug-iphonesimulator/GuildBrowserLogicTests.build/Objects-normal/i386/WoWUtils.o
x/Users/apple/Desktop/GuildBrowser/GuildBrowser/WoWUtils.m
xnormal
xi386
xobjective-c
xcom.apple.compilers.llvm.clang.1_0.compiler
lSLF05#21%IDEActivityLogSection1@2#32"com.apple.dt.IDE.BuildLogSection65"Compile /Users/apple/Desktop/GuildBrowser/GuildBrowser/WoWUtils.m16dbbc65e1dcb741^3d82c765e1dcb741^---0#0#0#-19%DVTDocumentLocation2@73"file://localhost/Users/apple/Desktop/GuildBrowser/GuildBrowser/WoWUtils.m0000000000000000^4045"CompileC build/GuildBrowser.build/Debug-iphonesimulator/GuildBrowserLogicTests.build/Objects-normal/i386/WoWUtils.o GuildBrowser/WoWUtils.m normal i386 objective-c com.apple.compilers.llvm.clang.1_0.compiler    cd /Users/apple/Desktop/GuildBrowser    setenv LANG en_US.US-ASCII    setenv PATH "/Applications/Xcode.app/Contents/Developer/Platforms/iPhoneSimulator.platform/Developer/usr/bin:/Applications/Xcode.app/Contents/Developer/usr/bin:/usr/local/share/npm/bin:/usr/bin:/bin:/usr/sbin:/sbin:/usr/local/bin:/usr/X11/bin:/Users/apple/program/android/adt-bundle-mac-x86_64/sdk/platform-tools:/Users/apple/program/android/adt-bundle-mac-x86_64/sdk/tools"    /Applications/Xcode.app/Contents/Developer/Toolchains/XcodeDefault.xctoolchain/usr/bin/clang -x objective-c -arch i386 -fmessage-length=0 -std=gnu99 -fobjc-arc -Wno-trigraphs -fpascal-strings -O0 -Wno-missing-field-initializers -Wno-missing-prototypes -Wreturn-type -Wno-implicit-atomic-properties -Wno-receiver-is-weak -Wduplicate-method-match -Wformat -Wno-missing-braces -Wparentheses -Wswitch -Wno-unused-function -Wno-unused-label -Wno-unused-parameter -Wunused-variable -Wunused-value -Wempty-body -Wuninitialized -Wno-unknown-pragmas -Wno-shadow -Wno-four-char-constants -Wno-conversion -Wconstant-conversion -Wint-conversion -Wenum-conversion -Wno-shorten-64-to-32 -Wpointer-sign -Wno-newline-eof -Wno-selector -Wno-strict-selector-match -Wno-undeclared-selector -Wno-deprecated-implementations -DDEBUG=1 -isysroot /Applications/Xcode.app/Contents/Developer/Platforms/iPhoneSimulator.platform/Developer/SDKs/iPhoneSimulator6.1.sdk -fexceptions -fasm-blocks -fstrict-aliasing -Wprotocol -Wdeprecated-declarations -g -Wno-sign-conversion -fobjc-abi-version=2 -fobjc-legacy-dispatch -mios-simulator-version-min=6.1 -iquote /Users/apple/Desktop/GuildBrowser/build/GuildBrowser.build/Debug-iphonesimulator/GuildBrowserLogicTests.build/GuildBrowserLogicTests-generated-files.hmap -I/Users/apple/Desktop/GuildBrowser/build/GuildBrowser.build/Debug-iphonesimulator/GuildBrowserLogicTests.build/GuildBrowserLogicTests-own-target-headers.hmap -I/Users/apple/Desktop/GuildBrowser/build/GuildBrowser.build/Debug-iphonesimulator/GuildBrowserLogicTests.build/GuildBrowserLogicTests-all-target-headers.hmap -iquote /Users/apple/Desktop/GuildBrowser/build/GuildBrowser.build/Debug-iphonesimulator/GuildBrowserLogicTests.build/GuildBrowserLogicTests-project-headers.hmap -I/Users/apple/Desktop/GuildBrowser/build/Debug-iphonesimulator/include -I/Applications/Xcode.app/Contents/Developer/Toolchains/XcodeDefault.xctoolchain/usr/include -I/Applications/Xcode.app/Contents/Developer/Toolchains/XcodeDefault.xctoolchain/usr/include -I/Applications/Xcode.app/Contents/Developer/Toolchains/XcodeDefault.xctoolchain/usr/include -I/Users/apple/Desktop/GuildBrowser/build/GuildBrowser.build/Debug-iphonesimulator/GuildBrowserLogicTests.build/DerivedSources/i386 -I/Users/apple/Desktop/GuildBrowser/build/GuildBrowser.build/Debug-iphonesimulator/GuildBrowserLogicTests.build/DerivedSources -F/Users/apple/Desktop/GuildBrowser/build/Debug-iphonesimulator -F/Applications/Xcode.app/Contents/Developer/Platforms/iPhoneSimulator.platform/Developer/SDKs/iPhoneSimulator6.1.sdk/Developer/Library/Frameworks -F/Applications/Xcode.app/Contents/Developer/Library/Frameworks -include /var/folders/s9/ksz8316j6p10jb02_sz5b9fh0000gn/C/com.apple.Xcode.501/SharedPrecompiledHeaders/GuildBrowserLogicTests-Prefix-fjocuxeseovragbzreoujxkawgmz/GuildBrowserLogicTests-Prefix.pch -MMD -MT dependencies -MF /Users/apple/Desktop/GuildBrowser/build/GuildBrowser.build/Debug-iphonesimulator/GuildBrowserLogicTests.build/Objects-normal/i386/WoWUtils.d --serialize-diagnostics /Users/apple/Desktop/GuildBrowser/build/GuildBrowser.build/Debug-iphonesimulator/GuildBrowserLogicTests.build/Objects-normal/i386/WoWUtils.dia -c /Users/apple/Desktop/GuildBrowser/GuildBrowser/WoWUtils.m -o /Users/apple/Desktop/GuildBrowser/build/GuildBrowser.build/Debug-iphonesimulator/GuildBrowserLogicTests.build/Objects-normal/i386/WoWUtils.o36"4A2DABF4-C455-461A-97A5-5645A46128AD-

CCompileC build/GuildBrowser.build/Debug-iphonesimulator/GuildBrowserLogicTests.build/Objects-normal/i386/WowUtilsTests.o /Users/apple/Desktop/GuildBrowser/GuildBrowserLogicTests/WowUtilsTests.m normal i386 objective-c com.apple.compilers.llvm.clang.1_0.compiler
s400351589.736600
e400351589.814481
r1
xCompileC
xbuild/GuildBrowser.build/Debug-iphonesimulator/GuildBrowserLogicTests.build/Objects-normal/i386/WowUtilsTests.o
x/Users/apple/Desktop/GuildBrowser/GuildBrowserLogicTests/WowUtilsTests.m
xnormal
xi386
xobjective-c
xcom.apple.compilers.llvm.clang.1_0.compiler
lSLF05#21%IDEActivityLogSection1@2#32"com.apple.dt.IDE.BuildLogSection80"Compile /Users/apple/Desktop/GuildBrowser/GuildBrowserLogicTests/WowUtilsTests.m3cdabc65e1dcb741^a584d065e1dcb741^---0#0#0#-19%DVTDocumentLocation2@88"file://localhost/Users/apple/Desktop/GuildBrowser/GuildBrowserLogicTests/WowUtilsTests.m0000000000000000^4095"CompileC build/GuildBrowser.build/Debug-iphonesimulator/GuildBrowserLogicTests.build/Objects-normal/i386/WowUtilsTests.o GuildBrowserLogicTests/WowUtilsTests.m normal i386 objective-c com.apple.compilers.llvm.clang.1_0.compiler    cd /Users/apple/Desktop/GuildBrowser    setenv LANG en_US.US-ASCII    setenv PATH "/Applications/Xcode.app/Contents/Developer/Platforms/iPhoneSimulator.platform/Developer/usr/bin:/Applications/Xcode.app/Contents/Developer/usr/bin:/usr/local/share/npm/bin:/usr/bin:/bin:/usr/sbin:/sbin:/usr/local/bin:/usr/X11/bin:/Users/apple/program/android/adt-bundle-mac-x86_64/sdk/platform-tools:/Users/apple/program/android/adt-bundle-mac-x86_64/sdk/tools"    /Applications/Xcode.app/Contents/Developer/Toolchains/XcodeDefault.xctoolchain/usr/bin/clang -x objective-c -arch i386 -fmessage-length=0 -std=gnu99 -fobjc-arc -Wno-trigraphs -fpascal-strings -O0 -Wno-missing-field-initializers -Wno-missing-prototypes -Wreturn-type -Wno-implicit-atomic-properties -Wno-receiver-is-weak -Wduplicate-method-match -Wformat -Wno-missing-braces -Wparentheses -Wswitch -Wno-unused-function -Wno-unused-label -Wno-unused-parameter -Wunused-variable -Wunused-value -Wempty-body -Wuninitialized -Wno-unknown-pragmas -Wno-shadow -Wno-four-char-constants -Wno-conversion -Wconstant-conversion -Wint-conversion -Wenum-conversion -Wno-shorten-64-to-32 -Wpointer-sign -Wno-newline-eof -Wno-selector -Wno-strict-selector-match -Wno-undeclared-selector -Wno-deprecated-implementations -DDEBUG=1 -isysroot /Applications/Xcode.app/Contents/Developer/Platforms/iPhoneSimulator.platform/Developer/SDKs/iPhoneSimulator6.1.sdk -fexceptions -fasm-blocks -fstrict-aliasing -Wprotocol -Wdeprecated-declarations -g -Wno-sign-conversion -fobjc-abi-version=2 -fobjc-legacy-dispatch -mios-simulator-version-min=6.1 -iquote /Users/apple/Desktop/GuildBrowser/build/GuildBrowser.build/Debug-iphonesimulator/GuildBrowserLogicTests.build/GuildBrowserLogicTests-generated-files.hmap -I/Users/apple/Desktop/GuildBrowser/build/GuildBrowser.build/Debug-iphonesimulator/GuildBrowserLogicTests.build/GuildBrowserLogicTests-own-target-headers.hmap -I/Users/apple/Desktop/GuildBrowser/build/GuildBrowser.build/Debug-iphonesimulator/GuildBrowserLogicTests.build/GuildBrowserLogicTests-all-target-headers.hmap -iquote /Users/apple/Desktop/GuildBrowser/build/GuildBrowser.build/Debug-iphonesimulator/GuildBrowserLogicTests.build/GuildBrowserLogicTests-project-headers.hmap -I/Users/apple/Desktop/GuildBrowser/build/Debug-iphonesimulator/include -I/Applications/Xcode.app/Contents/Developer/Toolchains/XcodeDefault.xctoolchain/usr/include -I/Applications/Xcode.app/Contents/Developer/Toolchains/XcodeDefault.xctoolchain/usr/include -I/Applications/Xcode.app/Contents/Developer/Toolchains/XcodeDefault.xctoolchain/usr/include -I/Users/apple/Desktop/GuildBrowser/build/GuildBrowser.build/Debug-iphonesimulator/GuildBrowserLogicTests.build/DerivedSources/i386 -I/Users/apple/Desktop/GuildBrowser/build/GuildBrowser.build/Debug-iphonesimulator/GuildBrowserLogicTests.build/DerivedSources -F/Users/apple/Desktop/GuildBrowser/build/Debug-iphonesimulator -F/Applications/Xcode.app/Contents/Developer/Platforms/iPhoneSimulator.platform/Developer/SDKs/iPhoneSimulator6.1.sdk/Developer/Library/Frameworks -F/Applications/Xcode.app/Contents/Developer/Library/Frameworks -include /var/folders/s9/ksz8316j6p10jb02_sz5b9fh0000gn/C/com.apple.Xcode.501/SharedPrecompiledHeaders/GuildBrowserLogicTests-Prefix-fjocuxeseovragbzreoujxkawgmz/GuildBrowserLogicTests-Prefix.pch -MMD -MT dependencies -MF /Users/apple/Desktop/GuildBrowser/build/GuildBrowser.build/Debug-iphonesimulator/GuildBrowserLogicTests.build/Objects-normal/i386/WowUtilsTests.d --serialize-diagnostics /Users/apple/Desktop/GuildBrowser/build/GuildBrowser.build/Debug-iphonesimulator/GuildBrowserLogicTests.build/Objects-normal/i386/WowUtilsTests.dia -c /Users/apple/Desktop/GuildBrowser/GuildBrowserLogicTests/WowUtilsTests.m -o /Users/apple/Desktop/GuildBrowser/build/GuildBrowser.build/Debug-iphonesimulator/GuildBrowserLogicTests.build/Objects-normal/i386/WowUtilsTests.o36"50503068-6C9E-4151-9331-F0DCBF438C39-

CCopyStringsFile /Users/apple/Desktop/GuildBrowser/build/Debug-iphonesimulator/GuildBrowserLogicTests.octest/en.lproj/InfoPlist.strings GuildBrowserLogicTests/en.lproj/InfoPlist.strings
s400351590.022124
e400351590.025275
r1
xCopyStringsFile
x/Users/apple/Desktop/GuildBrowser/build/Debug-iphonesimulator/GuildBrowserLogicTests.octest/en.lproj/InfoPlist.strings
xGuildBrowserLogicTests/en.lproj/InfoPlist.strings
lSLF05#21%IDEActivityLogSection1@2#32"com.apple.dt.IDE.BuildLogSection54"Copy GuildBrowserLogicTests/en.lproj/InfoPlist.stringsc9cc0566e1dcb741^bf7c0666e1dcb741^---0#0#0#-19%DVTDocumentLocation2@99"file://localhost/Users/apple/Desktop/GuildBrowser/GuildBrowserLogicTests/en.lproj/InfoPlist.strings0000000000000000^815"CopyStringsFile build/Debug-iphonesimulator/GuildBrowserLogicTests.octest/en.lproj/InfoPlist.strings GuildBrowserLogicTests/en.lproj/InfoPlist.strings    cd /Users/apple/Desktop/GuildBrowser    setenv PATH "/Applications/Xcode.app/Contents/Developer/Platforms/iPhoneSimulator.platform/Developer/usr/bin:/Applications/Xcode.app/Contents/Developer/usr/bin:/usr/local/share/npm/bin:/usr/bin:/bin:/usr/sbin:/sbin:/usr/local/bin:/usr/X11/bin:/Users/apple/program/android/adt-bundle-mac-x86_64/sdk/platform-tools:/Users/apple/program/android/adt-bundle-mac-x86_64/sdk/tools"    builtin-copyStrings --validate --inputencoding utf-8 --outputencoding binary --outdir /Users/apple/Desktop/GuildBrowser/build/Debug-iphonesimulator/GuildBrowserLogicTests.octest/en.lproj -- GuildBrowserLogicTests/en.lproj/InfoPlist.strings36"593E70FA-9BF2-4117-B9E3-23F02807CC5B-

CCpResource testdata/character.json build/Debug-iphonesimulator/GuildBrowserLogicTests.octest/character.json
s400351590.022128
e400351590.026194
r1
xCpResource
xtestdata/character.json
xbuild/Debug-iphonesimulator/GuildBrowserLogicTests.octest/character.json
lSLF05#21%IDEActivityLogSection1@2#32"com.apple.dt.IDE.BuildLogSection77"Copy build/Debug-iphonesimulator/GuildBrowserLogicTests.octest/character.json21cc0566e1dcb741^31b40666e1dcb741^---0#0#0#-19%DVTDocumentLocation2@122"file://localhost/Users/apple/Desktop/GuildBrowser/build/Debug-iphonesimulator/GuildBrowserLogicTests.octest/character.json000000000080d041^790"CpResource testdata/character.json build/Debug-iphonesimulator/GuildBrowserLogicTests.octest/character.json    cd /Users/apple/Desktop/GuildBrowser    setenv PATH "/Applications/Xcode.app/Contents/Developer/Platforms/iPhoneSimulator.platform/Developer/usr/bin:/Applications/Xcode.app/Contents/Developer/usr/bin:/usr/local/share/npm/bin:/usr/bin:/bin:/usr/sbin:/sbin:/usr/local/bin:/usr/X11/bin:/Users/apple/program/android/adt-bundle-mac-x86_64/sdk/platform-tools:/Users/apple/program/android/adt-bundle-mac-x86_64/sdk/tools"    builtin-copy -exclude .DS_Store -exclude CVS -exclude .svn -exclude .git -exclude .hg -resolve-src-symlinks /Users/apple/Desktop/GuildBrowser/testdata/character.json /Users/apple/Desktop/GuildBrowser/build/Debug-iphonesimulator/GuildBrowserLogicTests.octest36"7CEAB6EC-DC5F-41D9-A55A-1C4A6231494F-

CCpResource testdata/guild.json build/Debug-iphonesimulator/GuildBrowserLogicTests.octest/guild.json
s400351590.022819
e400351590.027620
r1
xCpResource
xtestdata/guild.json
xbuild/Debug-iphonesimulator/GuildBrowserLogicTests.octest/guild.json
lSLF05#21%IDEActivityLogSection1@2#32"com.apple.dt.IDE.BuildLogSection73"Copy build/Debug-iphonesimulator/GuildBrowserLogicTests.octest/guild.jsond9eb0566e1dcb741^a1120766e1dcb741^---0#0#0#-19%DVTDocumentLocation2@118"file://localhost/Users/apple/Desktop/GuildBrowser/build/Debug-iphonesimulator/GuildBrowserLogicTests.octest/guild.json000000000080d041^778"CpResource testdata/guild.json build/Debug-iphonesimulator/GuildBrowserLogicTests.octest/guild.json    cd /Users/apple/Desktop/GuildBrowser    setenv PATH "/Applications/Xcode.app/Contents/Developer/Platforms/iPhoneSimulator.platform/Developer/usr/bin:/Applications/Xcode.app/Contents/Developer/usr/bin:/usr/local/share/npm/bin:/usr/bin:/bin:/usr/sbin:/sbin:/usr/local/bin:/usr/X11/bin:/Users/apple/program/android/adt-bundle-mac-x86_64/sdk/platform-tools:/Users/apple/program/android/adt-bundle-mac-x86_64/sdk/tools"    builtin-copy -exclude .DS_Store -exclude CVS -exclude .svn -exclude .git -exclude .hg -resolve-src-symlinks /Users/apple/Desktop/GuildBrowser/testdata/guild.json /Users/apple/Desktop/GuildBrowser/build/Debug-iphonesimulator/GuildBrowserLogicTests.octest36"121BC662-5D1A-48BD-B74A-CB60BCB5381C-

CGenerateDSYMFile /Users/apple/Desktop/GuildBrowser/build/Debug-iphonesimulator/GuildBrowserLogicTests.octest.dSYM /Users/apple/Desktop/GuildBrowser/build/Debug-iphonesimulator/GuildBrowserLogicTests.octest/GuildBrowserLogicTests
s400351589.983203
e400351590.013149
r1
xGenerateDSYMFile
x/Users/apple/Desktop/GuildBrowser/build/Debug-iphonesimulator/GuildBrowserLogicTests.octest.dSYM
x/Users/apple/Desktop/GuildBrowser/build/Debug-iphonesimulator/GuildBrowserLogicTests.octest/GuildBrowserLogicTests
lSLF05#21%IDEActivityLogSection1@2#32"com.apple.dt.IDE.BuildLogSection105"Generate /Users/apple/Desktop/GuildBrowser/build/Debug-iphonesimulator/GuildBrowserLogicTests.octest.dSYMb4cbfb65e1dcb741^465d0366e1dcb741^---0#0#0#-19%DVTDocumentLocation2@112"file://localhost/Users/apple/Desktop/GuildBrowser/build/Debug-iphonesimulator/GuildBrowserLogicTests.octest.dSYM000000000080d041^896"GenerateDSYMFile build/Debug-iphonesimulator/GuildBrowserLogicTests.octest.dSYM build/Debug-iphonesimulator/GuildBrowserLogicTests.octest/GuildBrowserLogicTests    cd /Users/apple/Desktop/GuildBrowser    setenv PATH "/Applications/Xcode.app/Contents/Developer/Platforms/iPhoneSimulator.platform/Developer/usr/bin:/Applications/Xcode.app/Contents/Developer/usr/bin:/usr/local/share/npm/bin:/usr/bin:/bin:/usr/sbin:/sbin:/usr/local/bin:/usr/X11/bin:/Users/apple/program/android/adt-bundle-mac-x86_64/sdk/platform-tools:/Users/apple/program/android/adt-bundle-mac-x86_64/sdk/tools"    /Applications/Xcode.app/Contents/Developer/Toolchains/XcodeDefault.xctoolchain/usr/bin/dsymutil /Users/apple/Desktop/GuildBrowser/build/Debug-iphonesimulator/GuildBrowserLogicTests.octest/GuildBrowserLogicTests -o /Users/apple/Desktop/GuildBrowser/build/Debug-iphonesimulator/GuildBrowserLogicTests.octest.dSYM36"73E8F517-2404-44A2-B5F6-C0426BBC71D1-

CLd /Users/apple/Desktop/GuildBrowser/build/Debug-iphonesimulator/GuildBrowserLogicTests.octest/GuildBrowserLogicTests normal i386
s400351589.949418
e400351589.975572
r1
xLd
x/Users/apple/Desktop/GuildBrowser/build/Debug-iphonesimulator/GuildBrowserLogicTests.octest/GuildBrowserLogicTests
xnormal
xi386
lSLF05#21%IDEActivityLogSection1@2#32"com.apple.dt.IDE.BuildLogSection119"Link /Users/apple/Desktop/GuildBrowser/build/Debug-iphonesimulator/GuildBrowserLogicTests.octest/GuildBrowserLogicTests2427f365e1dcb741^44c0f965e1dcb741^---0#0#0#--1627"Ld build/Debug-iphonesimulator/GuildBrowserLogicTests.octest/GuildBrowserLogicTests normal i386    cd /Users/apple/Desktop/GuildBrowser    setenv IPHONEOS_DEPLOYMENT_TARGET 6.1    setenv PATH "/Applications/Xcode.app/Contents/Developer/Platforms/iPhoneSimulator.platform/Developer/usr/bin:/Applications/Xcode.app/Contents/Developer/usr/bin:/usr/local/share/npm/bin:/usr/bin:/bin:/usr/sbin:/sbin:/usr/local/bin:/usr/X11/bin:/Users/apple/program/android/adt-bundle-mac-x86_64/sdk/platform-tools:/Users/apple/program/android/adt-bundle-mac-x86_64/sdk/tools"    /Applications/Xcode.app/Contents/Developer/Toolchains/XcodeDefault.xctoolchain/usr/bin/clang -arch i386 -bundle -isysroot /Applications/Xcode.app/Contents/Developer/Platforms/iPhoneSimulator.platform/Developer/SDKs/iPhoneSimulator6.1.sdk -L/Users/apple/Desktop/GuildBrowser/build/Debug-iphonesimulator -F/Users/apple/Desktop/GuildBrowser/build/Debug-iphonesimulator -F/Applications/Xcode.app/Contents/Developer/Platforms/iPhoneSimulator.platform/Developer/SDKs/iPhoneSimulator6.1.sdk/Developer/Library/Frameworks -F/Applications/Xcode.app/Contents/Developer/Library/Frameworks -filelist /Users/apple/Desktop/GuildBrowser/build/GuildBrowser.build/Debug-iphonesimulator/GuildBrowserLogicTests.build/Objects-normal/i386/GuildBrowserLogicTests.LinkFileList -Xlinker -objc_abi_version -Xlinker 2 -fobjc-arc -fobjc-link-runtime -Xlinker -no_implicit_dylibs -mios-simulator-version-min=6.1 -framework UIKit -framework Foundation -framework SenTestingKit -o /Users/apple/Desktop/GuildBrowser/build/Debug-iphonesimulator/GuildBrowserLogicTests.octest/GuildBrowserLogicTests36"C867EBA4-39FD-4B9B-99C3-776C536BF3EE-

CPhaseScriptExecution "Run Script" /Users/apple/Desktop/GuildBrowser/build/GuildBrowser.build/Debug-iphonesimulator/GuildBrowserLogicTests.build/Script-18B834A017DCADD300C3664F.sh
s400351590.035551
e400351590.304558
r0
xPhaseScriptExecution
xRun Script
x/Users/apple/Desktop/GuildBrowser/build/GuildBrowser.build/Debug-iphonesimulator/GuildBrowserLogicTests.build/Script-18B834A017DCADD300C3664F.sh
o/Applications/Xcode.app/Contents/Developer/Tools/RunPlatformUnitTests.include:412: note: Started tests for architectures 'i386'
o/Applications/Xcode.app/Contents/Developer/Tools/RunPlatformUnitTests.include:419: note: Running tests for architecture 'i386' (GC OFF)
o2013-09-09 00:46:30.235 otest[16253:7e03] Unknown Device Type. Using UIUserInterfaceIdiomPad based on screen size
oTest Suite '/Users/apple/Desktop/GuildBrowser/build/Debug-iphonesimulator/GuildBrowserLogicTests.octest(Tests)' started at 2013-09-08 16:46:30 +0000
oTest Suite 'CharacterTests' started at 2013-09-08 16:46:30 +0000
oTest Case '-[CharacterTests testCreateCharacterFromDetailJson]' started.
oTest Case '-[CharacterTests testCreateCharacterFromDetailJson]' passed (0.001 seconds).
oTest Case '-[CharacterTests testCreateCharacterFromDetailJsonProps]' started.
o/Users/apple/Desktop/GuildBrowser/GuildBrowserLogicTests/CharacterTests.m:62: error: -[CharacterTests testCreateCharacterFromDetailJsonProps] : 'borean-tundra/171/40508075-avatar.jpg' should be equal to 'boreantundra/171/40508075-avatar.jpg' thumbnail url is wrong
oTest Case '-[CharacterTests testCreateCharacterFromDetailJsonProps]' failed (0.001 seconds).
oTest Case '-[CharacterTests testCreateCharacterFromDetailJsonValidateItems]' started.
o/Users/apple/Desktop/GuildBrowser/GuildBrowserLogicTests/CharacterTests.m:83: error: -[CharacterTests testCreateCharacterFromDetailJsonValidateItems] : 'Vicious Pyrium Bracers' should be equal to 'Girdle of the Queen's Champion' name is wrong
o/Users/apple/Desktop/GuildBrowser/GuildBrowserLogicTests/CharacterTests.m:91: error: -[CharacterTests testCreateCharacterFromDetailJsonValidateItems] : 'Vicious Pyrium Helm' should be equal to 'Vicious Pyrium Helm' neck name is wrong
oTest Case '-[CharacterTests testCreateCharacterFromDetailJsonValidateItems]' failed (0.001 seconds).
oTest Suite 'CharacterTests' finished at 2013-09-08 16:46:30 +0000.
oExecuted 3 tests, with 3 failures (0 unexpected) in 0.002 (0.003) seconds
oTest Suite 'WowUtilsTests' started at 2013-09-08 16:46:30 +0000
oTest Case '-[WowUtilsTests testCharacterClassNameLookup]' started.
oTest Case '-[WowUtilsTests testCharacterClassNameLookup]' passed (0.000 seconds).
oTest Case '-[WowUtilsTests testQualityLookup]' started.
oTest Case '-[WowUtilsTests testQualityLookup]' passed (0.000 seconds).
oTest Case '-[WowUtilsTests testRaceTypeLookup]' started.
oTest Case '-[WowUtilsTests testRaceTypeLookup]' passed (0.000 seconds).
oTest Suite 'WowUtilsTests' finished at 2013-09-08 16:46:30 +0000.
oExecuted 3 tests, with 0 failures (0 unexpected) in 0.000 (0.000) seconds
oTest Suite '/Users/apple/Desktop/GuildBrowser/build/Debug-iphonesimulator/GuildBrowserLogicTests.octest(Tests)' finished at 2013-09-08 16:46:30 +0000.
oExecuted 6 tests, with 3 failures (0 unexpected) in 0.002 (0.004) seconds
o/Applications/Xcode.app/Contents/Developer/Tools/RunPlatformUnitTests.include:448: error: Failed tests for architecture 'i386' (GC OFF)
o/Applications/Xcode.app/Contents/Developer/Tools/RunPlatformUnitTests.include:462: note: Completed tests for architectures 'i386'
lSLF05#21%IDEActivityLogSection1@2#32"com.apple.dt.IDE.BuildLogSection36"Run custom shell script 'Run Script'65c80966e1dcb741^8cf54d66e1dcb741^1(29%IDEActivityLogUnitTestSection2@3#35"com.apple.dt.IDE.UnitTestLogSection47"Run unit tests for architecture 'i386' (GC OFF)656f1166e1dcb741^bccf4d66e1dcb741^1(2@3#35"com.apple.dt.IDE.UnitTestLogSection113"Run test suite /Users/apple/Desktop/GuildBrowser/build/Debug-iphonesimulator/GuildBrowserLogicTests.octest(Tests)41474766e1dcb741^a1be4d66e1dcb741^2(2@3#35"com.apple.dt.IDE.UnitTestLogSection29"Run test suite CharacterTestsea5a4766e1dcb741^7d954c66e1dcb741^3(2@3#35"com.apple.dt.IDE.UnitTestLogSection47"Run test case testCreateCharacterFromDetailJson50724766e1dcb741^e3a94766e1dcb741^-161"Test Case '-[CharacterTests testCreateCharacterFromDetailJson]' started.Test Case '-[CharacterTests testCreateCharacterFromDetailJson]' passed (0.001 seconds).-0#0#0#---36"AA817393-AFB8-444C-9184-B29D2A961781--13"0.001 seconds87"Test Case '-[CharacterTests testCreateCharacterFromDetailJson]' passed (0.001 seconds).33"testCreateCharacterFromDetailJson-2@3#35"com.apple.dt.IDE.UnitTestLogSection52"Run test case testCreateCharacterFromDetailJsonProps84b74766e1dcb741^38a04966e1dcb741^-436"Test Case '-[CharacterTests testCreateCharacterFromDetailJsonProps]' started./Users/apple/Desktop/GuildBrowser/GuildBrowserLogicTests/CharacterTests.m:62: error: -[CharacterTests testCreateCharacterFromDetailJsonProps] : 'borean-tundra/171/40508075-avatar.jpg' should be equal to 'boreantundra/171/40508075-avatar.jpg' thumbnail url is wrongTest Case '-[CharacterTests testCreateCharacterFromDetailJsonProps]' failed (0.001 seconds).1(21%IDEActivityLogMessage3@120"'borean-tundra/171/40508075-avatar.jpg' should be equal to 'boreantundra/171/40508075-avatar.jpg' thumbnail url is wrong-400351590#18446744073709551615#0#-2#-23%DVTTextDocumentLocation4@89"file://localhost/Users/apple/Desktop/GuildBrowser/GuildBrowserLogicTests/CharacterTests.m0000000000000000^61#18446744073709551615#61#18446744073709551615#18446744073709551615#0#---0#0#0#---36"752CE9C2-1754-48FE-86F0-E7F6A10AE310--13"0.001 seconds92"Test Case '-[CharacterTests testCreateCharacterFromDetailJsonProps]' failed (0.001 seconds).38"testCreateCharacterFromDetailJsonProps-2@3#35"com.apple.dt.IDE.UnitTestLogSection60"Run test case testCreateCharacterFromDetailJsonValidateItems24b84966e1dcb741^79734c66e1dcb741^-666"Test Case '-[CharacterTests testCreateCharacterFromDetailJsonValidateItems]' started./Users/apple/Desktop/GuildBrowser/GuildBrowserLogicTests/CharacterTests.m:83: error: -[CharacterTests testCreateCharacterFromDetailJsonValidateItems] : 'Vicious Pyrium Bracers' should be equal to 'Girdle of the Queen's Champion' name is wrong/Users/apple/Desktop/GuildBrowser/GuildBrowserLogicTests/CharacterTests.m:91: error: -[CharacterTests testCreateCharacterFromDetailJsonValidateItems] : 'Vicious Pyrium Helm' should be equal to 'Vicious Pyrium Helm' neck name is wrongTest Case '-[CharacterTests testCreateCharacterFromDetailJsonValidateItems]' failed (0.001 seconds).2(3@90"'Vicious Pyrium Bracers' should be equal to 'Girdle of the Queen's Champion' name is wrong-400351590#18446744073709551615#0#-2#-4@89"file://localhost/Users/apple/Desktop/GuildBrowser/GuildBrowserLogicTests/CharacterTests.m0000000000000000^82#18446744073709551615#82#18446744073709551615#18446744073709551615#0#---3@83"'Vicious Pyrium Helm' should be equal to 'Vicious Pyrium Helm' neck name is wrong-400351590#18446744073709551615#0#-2#-4@89"file://localhost/Users/apple/Desktop/GuildBrowser/GuildBrowserLogicTests/CharacterTests.m0000000000000000^90#18446744073709551615#90#18446744073709551615#18446744073709551615#0#---0#0#0#---36"1337DF41-8700-41F9-84DE-7604FFBBB126--13"0.001 seconds100"Test Case '-[CharacterTests testCreateCharacterFromDetailJsonValidateItems]' failed (0.001 seconds).46"testCreateCharacterFromDetailJsonValidateItems-1469"Test Suite 'CharacterTests' started at 2013-09-08 16:46:30 +0000Test Case '-[CharacterTests testCreateCharacterFromDetailJson]' started.Test Case '-[CharacterTests testCreateCharacterFromDetailJson]' passed (0.001 seconds).Test Case '-[CharacterTests testCreateCharacterFromDetailJsonProps]' started./Users/apple/Desktop/GuildBrowser/GuildBrowserLogicTests/CharacterTests.m:62: error: -[CharacterTests testCreateCharacterFromDetailJsonProps] : 'borean-tundra/171/40508075-avatar.jpg' should be equal to 'boreantundra/171/40508075-avatar.jpg' thumbnail url is wrongTest Case '-[CharacterTests testCreateCharacterFromDetailJsonProps]' failed (0.001 seconds).Test Case '-[CharacterTests testCreateCharacterFromDetailJsonValidateItems]' started./Users/apple/Desktop/GuildBrowser/GuildBrowserLogicTests/CharacterTests.m:83: error: -[CharacterTests testCreateCharacterFromDetailJsonValidateItems] : 'Vicious Pyrium Bracers' should be equal to 'Girdle of the Queen's Champion' name is wrong/Users/apple/Desktop/GuildBrowser/GuildBrowserLogicTests/CharacterTests.m:91: error: -[CharacterTests testCreateCharacterFromDetailJsonValidateItems] : 'Vicious Pyrium Helm' should be equal to 'Vicious Pyrium Helm' neck name is wrongTest Case '-[CharacterTests testCreateCharacterFromDetailJsonValidateItems]' failed (0.001 seconds).Test Suite 'CharacterTests' finished at 2013-09-08 16:46:30 +0000.Executed 3 tests, with 3 failures (0 unexpected) in 0.002 (0.003) seconds-0#0#0#---36"C01E37DC-7AF2-4860-8D5D-EFAB0EC720E6-23"0 out of 3 tests passed13"0.002 seconds73"Executed 3 tests, with 3 failures (0 unexpected) in 0.002 (0.003) seconds14"CharacterTests-2@3#35"com.apple.dt.IDE.UnitTestLogSection28"Run test suite WowUtilsTests0f9b4c66e1dcb741^65354d66e1dcb741^3(2@3#35"com.apple.dt.IDE.UnitTestLogSection42"Run test case testCharacterClassNameLookup15ad4c66e1dcb741^a3ce4c66e1dcb741^-149"Test Case '-[WowUtilsTests testCharacterClassNameLookup]' started.Test Case '-[WowUtilsTests testCharacterClassNameLookup]' passed (0.000 seconds).-0#0#0#---36"355ABF3E-FF08-49D4-9EC5-77E7FF193159--13"0.000 seconds81"Test Case '-[WowUtilsTests testCharacterClassNameLookup]' passed (0.000 seconds).28"testCharacterClassNameLookup-2@3#35"com.apple.dt.IDE.UnitTestLogSection31"Run test case testQualityLookup45d44c66e1dcb741^e9f04c66e1dcb741^-127"Test Case '-[WowUtilsTests testQualityLookup]' started.Test Case '-[WowUtilsTests testQualityLookup]' passed (0.000 seconds).-0#0#0#---36"588D34D9-3F3F-4AD6-B3D8-C236FC3E7716--13"0.000 seconds70"Test Case '-[WowUtilsTests testQualityLookup]' passed (0.000 seconds).17"testQualityLookup-2@3#35"com.apple.dt.IDE.UnitTestLogSection32"Run test case testRaceTypeLookup2cf54c66e1dcb741^a1104d66e1dcb741^-129"Test Case '-[WowUtilsTests testRaceTypeLookup]' started.Test Case '-[WowUtilsTests testRaceTypeLookup]' passed (0.000 seconds).-0#0#0#---36"481A8527-455F-4CAF-BDF9-BF3CEA01A7E4--13"0.000 seconds71"Test Case '-[WowUtilsTests testRaceTypeLookup]' passed (0.000 seconds).18"testRaceTypeLookup-609"Test Suite 'WowUtilsTests' started at 2013-09-08 16:46:30 +0000Test Case '-[WowUtilsTests testCharacterClassNameLookup]' started.Test Case '-[WowUtilsTests testCharacterClassNameLookup]' passed (0.000 seconds).Test Case '-[WowUtilsTests testQualityLookup]' started.Test Case '-[WowUtilsTests testQualityLookup]' passed (0.000 seconds).Test Case '-[WowUtilsTests testRaceTypeLookup]' started.Test Case '-[WowUtilsTests testRaceTypeLookup]' passed (0.000 seconds).Test Suite 'WowUtilsTests' finished at 2013-09-08 16:46:30 +0000.Executed 3 tests, with 0 failures (0 unexpected) in 0.000 (0.000) seconds-0#0#0#---36"5CB9C8C8-2EC9-47A2-A8E8-A52BAF56F4F6-23"3 out of 3 tests passed13"0.000 seconds73"Executed 3 tests, with 0 failures (0 unexpected) in 0.000 (0.000) seconds13"WowUtilsTests-2452"Test Suite '/Users/apple/Desktop/GuildBrowser/build/Debug-iphonesimulator/GuildBrowserLogicTests.octest(Tests)' started at 2013-09-08 16:46:30 +0000Test Suite 'CharacterTests' started at 2013-09-08 16:46:30 +0000Test Case '-[CharacterTests testCreateCharacterFromDetailJson]' started.Test Case '-[CharacterTests testCreateCharacterFromDetailJson]' passed (0.001 seconds).Test Case '-[CharacterTests testCreateCharacterFromDetailJsonProps]' started./Users/apple/Desktop/GuildBrowser/GuildBrowserLogicTests/CharacterTests.m:62: error: -[CharacterTests testCreateCharacterFromDetailJsonProps] : 'borean-tundra/171/40508075-avatar.jpg' should be equal to 'boreantundra/171/40508075-avatar.jpg' thumbnail url is wrongTest Case '-[CharacterTests testCreateCharacterFromDetailJsonProps]' failed (0.001 seconds).Test Case '-[CharacterTests testCreateCharacterFromDetailJsonValidateItems]' started./Users/apple/Desktop/GuildBrowser/GuildBrowserLogicTests/CharacterTests.m:83: error: -[CharacterTests testCreateCharacterFromDetailJsonValidateItems] : 'Vicious Pyrium Bracers' should be equal to 'Girdle of the Queen's Champion' name is wrong/Users/apple/Desktop/GuildBrowser/GuildBrowserLogicTests/CharacterTests.m:91: error: -[CharacterTests testCreateCharacterFromDetailJsonValidateItems] : 'Vicious Pyrium Helm' should be equal to 'Vicious Pyrium Helm' neck name is wrongTest Case '-[CharacterTests testCreateCharacterFromDetailJsonValidateItems]' failed (0.001 seconds).Test Suite 'CharacterTests' finished at 2013-09-08 16:46:30 +0000.Executed 3 tests, with 3 failures (0 unexpected) in 0.002 (0.003) secondsTest Suite 'WowUtilsTests' started at 2013-09-08 16:46:30 +0000Test Case '-[WowUtilsTests testCharacterClassNameLookup]' started.Test Case '-[WowUtilsTests testCharacterClassNameLookup]' passed (0.000 seconds).Test Case '-[WowUtilsTests testQualityLookup]' started.Test Case '-[WowUtilsTests testQualityLookup]' passed (0.000 seconds).Test Case '-[WowUtilsTests testRaceTypeLookup]' started.Test Case '-[WowUtilsTests testRaceTypeLookup]' passed (0.000 seconds).Test Suite 'WowUtilsTests' finished at 2013-09-08 16:46:30 +0000.Executed 3 tests, with 0 failures (0 unexpected) in 0.000 (0.000) secondsTest Suite '/Users/apple/Desktop/GuildBrowser/build/Debug-iphonesimulator/GuildBrowserLogicTests.octest(Tests)' finished at 2013-09-08 16:46:30 +0000.Executed 6 tests, with 3 failures (0 unexpected) in 0.002 (0.004) seconds-0#0#0#---36"C7B45C65-8871-47A0-9C4A-5E249E74C161-23"3 out of 6 tests passed13"0.002 seconds73"Executed 6 tests, with 3 failures (0 unexpected) in 0.002 (0.004) seconds98"/Users/apple/Desktop/GuildBrowser/build/Debug-iphonesimulator/GuildBrowserLogicTests.octest(Tests)-2838"/Applications/Xcode.app/Contents/Developer/Tools/RunPlatformUnitTests.include:419: note: Running tests for architecture 'i386' (GC OFF)2013-09-09 00:46:30.235 otest[16253:7e03] Unknown Device Type. Using UIUserInterfaceIdiomPad based on screen sizeTest Suite '/Users/apple/Desktop/GuildBrowser/build/Debug-iphonesimulator/GuildBrowserLogicTests.octest(Tests)' started at 2013-09-08 16:46:30 +0000Test Suite 'CharacterTests' started at 2013-09-08 16:46:30 +0000Test Case '-[CharacterTests testCreateCharacterFromDetailJson]' started.Test Case '-[CharacterTests testCreateCharacterFromDetailJson]' passed (0.001 seconds).Test Case '-[CharacterTests testCreateCharacterFromDetailJsonProps]' started./Users/apple/Desktop/GuildBrowser/GuildBrowserLogicTests/CharacterTests.m:62: error: -[CharacterTests testCreateCharacterFromDetailJsonProps] : 'borean-tundra/171/40508075-avatar.jpg' should be equal to 'boreantundra/171/40508075-avatar.jpg' thumbnail url is wrongTest Case '-[CharacterTests testCreateCharacterFromDetailJsonProps]' failed (0.001 seconds).Test Case '-[CharacterTests testCreateCharacterFromDetailJsonValidateItems]' started./Users/apple/Desktop/GuildBrowser/GuildBrowserLogicTests/CharacterTests.m:83: error: -[CharacterTests testCreateCharacterFromDetailJsonValidateItems] : 'Vicious Pyrium Bracers' should be equal to 'Girdle of the Queen's Champion' name is wrong/Users/apple/Desktop/GuildBrowser/GuildBrowserLogicTests/CharacterTests.m:91: error: -[CharacterTests testCreateCharacterFromDetailJsonValidateItems] : 'Vicious Pyrium Helm' should be equal to 'Vicious Pyrium Helm' neck name is wrongTest Case '-[CharacterTests testCreateCharacterFromDetailJsonValidateItems]' failed (0.001 seconds).Test Suite 'CharacterTests' finished at 2013-09-08 16:46:30 +0000.Executed 3 tests, with 3 failures (0 unexpected) in 0.002 (0.003) secondsTest Suite 'WowUtilsTests' started at 2013-09-08 16:46:30 +0000Test Case '-[WowUtilsTests testCharacterClassNameLookup]' started.Test Case '-[WowUtilsTests testCharacterClassNameLookup]' passed (0.000 seconds).Test Case '-[WowUtilsTests testQualityLookup]' started.Test Case '-[WowUtilsTests testQualityLookup]' passed (0.000 seconds).Test Case '-[WowUtilsTests testRaceTypeLookup]' started.Test Case '-[WowUtilsTests testRaceTypeLookup]' passed (0.000 seconds).Test Suite 'WowUtilsTests' finished at 2013-09-08 16:46:30 +0000.Executed 3 tests, with 0 failures (0 unexpected) in 0.000 (0.000) secondsTest Suite '/Users/apple/Desktop/GuildBrowser/build/Debug-iphonesimulator/GuildBrowserLogicTests.octest(Tests)' finished at 2013-09-08 16:46:30 +0000.Executed 6 tests, with 3 failures (0 unexpected) in 0.002 (0.004) seconds/Applications/Xcode.app/Contents/Developer/Tools/RunPlatformUnitTests.include:448: error: Failed tests for architecture 'i386' (GC OFF)-0#0#0#---36"2D1D428C-1686-4D6B-B9A0-C25F8A0F3CBE---135"/Applications/Xcode.app/Contents/Developer/Tools/RunPlatformUnitTests.include:448: error: Failed tests for architecture 'i386' (GC OFF)--3096"/Applications/Xcode.app/Contents/Developer/Tools/RunPlatformUnitTests.include:412: note: Started tests for architectures 'i386'/Applications/Xcode.app/Contents/Developer/Tools/RunPlatformUnitTests.include:419: note: Running tests for architecture 'i386' (GC OFF)2013-09-09 00:46:30.235 otest[16253:7e03] Unknown Device Type. Using UIUserInterfaceIdiomPad based on screen sizeTest Suite '/Users/apple/Desktop/GuildBrowser/build/Debug-iphonesimulator/GuildBrowserLogicTests.octest(Tests)' started at 2013-09-08 16:46:30 +0000Test Suite 'CharacterTests' started at 2013-09-08 16:46:30 +0000Test Case '-[CharacterTests testCreateCharacterFromDetailJson]' started.Test Case '-[CharacterTests testCreateCharacterFromDetailJson]' passed (0.001 seconds).Test Case '-[CharacterTests testCreateCharacterFromDetailJsonProps]' started./Users/apple/Desktop/GuildBrowser/GuildBrowserLogicTests/CharacterTests.m:62: error: -[CharacterTests testCreateCharacterFromDetailJsonProps] : 'borean-tundra/171/40508075-avatar.jpg' should be equal to 'boreantundra/171/40508075-avatar.jpg' thumbnail url is wrongTest Case '-[CharacterTests testCreateCharacterFromDetailJsonProps]' failed (0.001 seconds).Test Case '-[CharacterTests testCreateCharacterFromDetailJsonValidateItems]' started./Users/apple/Desktop/GuildBrowser/GuildBrowserLogicTests/CharacterTests.m:83: error: -[CharacterTests testCreateCharacterFromDetailJsonValidateItems] : 'Vicious Pyrium Bracers' should be equal to 'Girdle of the Queen's Champion' name is wrong/Users/apple/Desktop/GuildBrowser/GuildBrowserLogicTests/CharacterTests.m:91: error: -[CharacterTests testCreateCharacterFromDetailJsonValidateItems] : 'Vicious Pyrium Helm' should be equal to 'Vicious Pyrium Helm' neck name is wrongTest Case '-[CharacterTests testCreateCharacterFromDetailJsonValidateItems]' failed (0.001 seconds).Test Suite 'CharacterTests' finished at 2013-09-08 16:46:30 +0000.Executed 3 tests, with 3 failures (0 unexpected) in 0.002 (0.003) secondsTest Suite 'WowUtilsTests' started at 2013-09-08 16:46:30 +0000Test Case '-[WowUtilsTests testCharacterClassNameLookup]' started.Test Case '-[WowUtilsTests testCharacterClassNameLookup]' passed (0.000 seconds).Test Case '-[WowUtilsTests testQualityLookup]' started.Test Case '-[WowUtilsTests testQualityLookup]' passed (0.000 seconds).Test Case '-[WowUtilsTests testRaceTypeLookup]' started.Test Case '-[WowUtilsTests testRaceTypeLookup]' passed (0.000 seconds).Test Suite 'WowUtilsTests' finished at 2013-09-08 16:46:30 +0000.Executed 3 tests, with 0 failures (0 unexpected) in 0.000 (0.000) secondsTest Suite '/Users/apple/Desktop/GuildBrowser/build/Debug-iphonesimulator/GuildBrowserLogicTests.octest(Tests)' finished at 2013-09-08 16:46:30 +0000.Executed 6 tests, with 3 failures (0 unexpected) in 0.002 (0.004) seconds/Applications/Xcode.app/Contents/Developer/Tools/RunPlatformUnitTests.include:448: error: Failed tests for architecture 'i386' (GC OFF)/Applications/Xcode.app/Contents/Developer/Tools/RunPlatformUnitTests.include:462: note: Completed tests for architectures 'i386'-0#0#0#--21424"PhaseScriptExecution "Run Script" build/GuildBrowser.build/Debug-iphonesimulator/GuildBrowserLogicTests.build/Script-18B834A017DCADD300C3664F.sh    cd /Users/apple/Desktop/GuildBrowser    setenv ACTION build    setenv ALTERNATE_GROUP staff    setenv ALTERNATE_MODE u+w,go-w,a+rX    setenv ALTERNATE_OWNER apple    setenv ALWAYS_SEARCH_USER_PATHS NO    setenv APPLE_INTERNAL_DEVELOPER_DIR /AppleInternal/Developer    setenv APPLE_INTERNAL_DIR /AppleInternal    setenv APPLE_INTERNAL_DOCUMENTATION_DIR /AppleInternal/Documentation    setenv APPLE_INTERNAL_LIBRARY_DIR /AppleInternal/Library    setenv APPLE_INTERNAL_TOOLS /AppleInternal/Developer/Tools    setenv APPLY_RULES_IN_COPY_FILES NO    setenv ARCHS i386    setenv ARCHS_STANDARD_32_BIT i386    setenv ARCHS_UNIVERSAL_IPHONE_OS i386    setenv AVAILABLE_PLATFORMS "iphonesimulator macosx iphoneos"    setenv BUILD_COMPONENTS "headers build"    setenv BUILD_DIR /Users/apple/Desktop/GuildBrowser/build    setenv BUILD_ROOT /Users/apple/Desktop/GuildBrowser/build    setenv BUILD_STYLE     setenv BUILD_VARIANTS normal    setenv BUILT_PRODUCTS_DIR /Users/apple/Desktop/GuildBrowser/build/Debug-iphonesimulator    setenv CACHE_ROOT /var/folders/s9/ksz8316j6p10jb02_sz5b9fh0000gn/C/com.apple.Xcode.501    setenv CCHROOT /var/folders/s9/ksz8316j6p10jb02_sz5b9fh0000gn/C/com.apple.Xcode.501    setenv CHMOD /bin/chmod    setenv CHOWN /usr/sbin/chown    setenv CLANG_CXX_LANGUAGE_STANDARD gnu++0x    setenv CLANG_CXX_LIBRARY libc++    setenv CLANG_ENABLE_OBJC_ARC YES    setenv CLANG_WARN_CONSTANT_CONVERSION YES    setenv CLANG_WARN_EMPTY_BODY YES    setenv CLANG_WARN_ENUM_CONVERSION YES    setenv CLANG_WARN_INT_CONVERSION YES    setenv CLANG_WARN__DUPLICATE_METHOD_MATCH YES    setenv CLASS_FILE_DIR /Users/apple/Desktop/GuildBrowser/build/GuildBrowser.build/Debug-iphonesimulator/GuildBrowserLogicTests.build/JavaClasses    setenv CLEAN_PRECOMPS YES    setenv CLONE_HEADERS NO    setenv CODESIGNING_FOLDER_PATH /Users/apple/Desktop/GuildBrowser/build/Debug-iphonesimulator/GuildBrowserLogicTests.octest    setenv COMMAND_MODE legacy    setenv COMPOSITE_SDK_DIRS /var/folders/s9/ksz8316j6p10jb02_sz5b9fh0000gn/C/com.apple.Xcode.501/CompositeSDKs    setenv COMPRESS_PNG_FILES YES    setenv CONFIGURATION Debug    setenv CONFIGURATION_BUILD_DIR /Users/apple/Desktop/GuildBrowser/build/Debug-iphonesimulator    setenv CONFIGURATION_TEMP_DIR /Users/apple/Desktop/GuildBrowser/build/GuildBrowser.build/Debug-iphonesimulator    setenv CONTENTS_FOLDER_PATH GuildBrowserLogicTests.octest    setenv COPYING_PRESERVES_HFS_DATA NO    setenv COPY_PHASE_STRIP NO    setenv COPY_RESOURCES_FROM_STATIC_FRAMEWORKS YES    setenv CP /bin/cp    setenv CURRENT_ARCH i386    setenv CURRENT_VARIANT normal    setenv DEAD_CODE_STRIPPING NO    setenv DEBUGGING_SYMBOLS YES    setenv DEBUG_INFORMATION_FORMAT dwarf-with-dsym    setenv DEFAULT_COMPILER com.apple.compilers.llvm.clang.1_0    setenv DEPLOYMENT_LOCATION NO    setenv DEPLOYMENT_POSTPROCESSING NO    setenv DERIVED_FILES_DIR /Users/apple/Desktop/GuildBrowser/build/GuildBrowser.build/Debug-iphonesimulator/GuildBrowserLogicTests.build/DerivedSources    setenv DERIVED_FILE_DIR /Users/apple/Desktop/GuildBrowser/build/GuildBrowser.build/Debug-iphonesimulator/GuildBrowserLogicTests.build/DerivedSources    setenv DERIVED_SOURCES_DIR /Users/apple/Desktop/GuildBrowser/build/GuildBrowser.build/Debug-iphonesimulator/GuildBrowserLogicTests.build/DerivedSources    setenv DEVELOPER_APPLICATIONS_DIR /Applications/Xcode.app/Contents/Developer/Applications    setenv DEVELOPER_BIN_DIR /Applications/Xcode.app/Contents/Developer/usr/bin    setenv DEVELOPER_DIR /Applications/Xcode.app/Contents/Developer    setenv DEVELOPER_FRAMEWORKS_DIR /Applications/Xcode.app/Contents/Developer/Library/Frameworks    setenv DEVELOPER_FRAMEWORKS_DIR_QUOTED "\"/Applications/Xcode.app/Contents/Developer/Library/Frameworks\""    setenv DEVELOPER_LIBRARY_DIR /Applications/Xcode.app/Contents/Developer/Library    setenv DEVELOPER_SDK_DIR /Applications/Xcode.app/Contents/Developer/Platforms/MacOSX.platform/Developer/SDKs    setenv DEVELOPER_TOOLS_DIR /Applications/Xcode.app/Contents/Developer/Tools    setenv DEVELOPER_USR_DIR /Applications/Xcode.app/Contents/Developer/usr    setenv DEVELOPMENT_LANGUAGE English    setenv DOCUMENTATION_FOLDER_PATH GuildBrowserLogicTests.octest/English.lproj/Documentation    setenv DO_HEADER_SCANNING_IN_JAM NO    setenv DSTROOT /tmp/GuildBrowser.dst    setenv DT_TOOLCHAIN_DIR /Applications/Xcode.app/Contents/Developer/Toolchains/XcodeDefault.xctoolchain    setenv DWARF_DSYM_FILE_NAME GuildBrowserLogicTests.octest.dSYM    setenv DWARF_DSYM_FILE_SHOULD_ACCOMPANY_PRODUCT NO    setenv DWARF_DSYM_FOLDER_PATH /Users/apple/Desktop/GuildBrowser/build/Debug-iphonesimulator    setenv EFFECTIVE_PLATFORM_NAME -iphonesimulator    setenv ENABLE_HEADER_DEPENDENCIES YES    setenv EXCLUDED_INSTALLSRC_SUBDIRECTORY_PATTERNS ".DS_Store .svn .git .hg CVS"    setenv EXCLUDED_RECURSIVE_SEARCH_PATH_SUBDIRECTORIES "*.nib *.lproj *.framework *.gch (*) .DS_Store CVS .svn .git .hg *.xcodeproj *.xcode *.pbproj *.pbxproj"    setenv EXECUTABLES_FOLDER_PATH GuildBrowserLogicTests.octest/Executables    setenv EXECUTABLE_FOLDER_PATH GuildBrowserLogicTests.octest    setenv EXECUTABLE_NAME GuildBrowserLogicTests    setenv EXECUTABLE_PATH GuildBrowserLogicTests.octest/GuildBrowserLogicTests    setenv FILE_LIST /Users/apple/Desktop/GuildBrowser/build/GuildBrowser.build/Debug-iphonesimulator/GuildBrowserLogicTests.build/Objects/LinkFileList    setenv FIXED_FILES_DIR /Users/apple/Desktop/GuildBrowser/build/GuildBrowser.build/Debug-iphonesimulator/GuildBrowserLogicTests.build/FixedFiles    setenv FRAMEWORKS_FOLDER_PATH GuildBrowserLogicTests.octest/Frameworks    setenv FRAMEWORK_FLAG_PREFIX -framework    setenv FRAMEWORK_SEARCH_PATHS "\"/Users/apple/Desktop/GuildBrowser/build/Debug-iphonesimulator\" \"/Applications/Xcode.app/Contents/Developer/Platforms/iPhoneSimulator.platform/Developer/SDKs/iPhoneSimulator6.1.sdk/Developer/Library/Frameworks\" \"/Applications/Xcode.app/Contents/Developer/Library/Frameworks\""    setenv FRAMEWORK_VERSION A    setenv FULL_PRODUCT_NAME GuildBrowserLogicTests.octest    setenv GCC3_VERSION 3.3    setenv GCC_C_LANGUAGE_STANDARD gnu99    setenv GCC_DYNAMIC_NO_PIC NO    setenv GCC_INLINES_ARE_PRIVATE_EXTERN YES    setenv GCC_OBJC_LEGACY_DISPATCH YES    setenv GCC_OPTIMIZATION_LEVEL 0    setenv GCC_PFE_FILE_C_DIALECTS "c objective-c c++ objective-c++"    setenv GCC_PRECOMPILE_PREFIX_HEADER YES    setenv GCC_PREFIX_HEADER GuildBrowserLogicTests/GuildBrowserLogicTests-Prefix.pch    setenv GCC_PREPROCESSOR_DEFINITIONS "DEBUG=1 "    setenv GCC_SYMBOLS_PRIVATE_EXTERN NO    setenv GCC_TREAT_WARNINGS_AS_ERRORS NO    setenv GCC_VERSION com.apple.compilers.llvm.clang.1_0    setenv GCC_WARN_ABOUT_RETURN_TYPE YES    setenv GCC_WARN_UNINITIALIZED_AUTOS YES    setenv GCC_WARN_UNUSED_VARIABLE YES    setenv GENERATE_MASTER_OBJECT_FILE NO    setenv GENERATE_PKGINFO_FILE NO    setenv GENERATE_PROFILING_CODE NO    setenv GID 20    setenv GROUP staff    setenv HEADERMAP_INCLUDES_FLAT_ENTRIES_FOR_TARGET_BEING_BUILT YES    setenv HEADERMAP_INCLUDES_FRAMEWORK_ENTRIES_FOR_ALL_PRODUCT_TYPES YES    setenv HEADERMAP_INCLUDES_NONPUBLIC_NONPRIVATE_HEADERS YES    setenv HEADERMAP_INCLUDES_PROJECT_HEADERS YES    setenv HEADER_SEARCH_PATHS "\"/Users/apple/Desktop/GuildBrowser/build/Debug-iphonesimulator/include\"  /Applications/Xcode.app/Contents/Developer/Toolchains/XcodeDefault.xctoolchain/usr/include /Applications/Xcode.app/Contents/Developer/Toolchains/XcodeDefault.xctoolchain/usr/include /Applications/Xcode.app/Contents/Developer/Toolchains/XcodeDefault.xctoolchain/usr/include"    setenv ICONV /usr/bin/iconv    setenv INFOPLIST_EXPAND_BUILD_SETTINGS YES    setenv INFOPLIST_FILE GuildBrowserLogicTests/GuildBrowserLogicTests-Info.plist    setenv INFOPLIST_OUTPUT_FORMAT binary    setenv INFOPLIST_PATH GuildBrowserLogicTests.octest/Info.plist    setenv INFOPLIST_PREPROCESS NO    setenv INFOSTRINGS_PATH GuildBrowserLogicTests.octest/English.lproj/InfoPlist.strings    setenv INSTALL_DIR /tmp/GuildBrowser.dst    setenv INSTALL_GROUP staff    setenv INSTALL_MODE_FLAG u+w,go-w,a+rX    setenv INSTALL_OWNER apple    setenv INSTALL_ROOT /tmp/GuildBrowser.dst    setenv IPHONEOS_DEPLOYMENT_TARGET 6.1    setenv JAVAC_DEFAULT_FLAGS "-J-Xms64m -J-XX:NewSize=4M -J-Dfile.encoding=UTF8"    setenv JAVA_APP_STUB /System/Library/Frameworks/JavaVM.framework/Resources/MacOS/JavaApplicationStub    setenv JAVA_ARCHIVE_CLASSES YES    setenv JAVA_ARCHIVE_TYPE JAR    setenv JAVA_COMPILER /usr/bin/javac    setenv JAVA_FOLDER_PATH GuildBrowserLogicTests.octest/Java    setenv JAVA_FRAMEWORK_RESOURCES_DIRS Resources    setenv JAVA_JAR_FLAGS cv    setenv JAVA_SOURCE_SUBDIR .    setenv JAVA_USE_DEPENDENCIES YES    setenv JAVA_ZIP_FLAGS -urg    setenv JIKES_DEFAULT_FLAGS "+E +OLDCSO"    setenv KEEP_PRIVATE_EXTERNS NO    setenv LD_GENERATE_MAP_FILE NO    setenv LD_MAP_FILE_PATH /Users/apple/Desktop/GuildBrowser/build/GuildBrowser.build/Debug-iphonesimulator/GuildBrowserLogicTests.build/GuildBrowserLogicTests-LinkMap-normal-i386.txt    setenv LD_NO_PIE NO    setenv LEGACY_DEVELOPER_DIR /Applications/Xcode.app/Contents/PlugIns/Xcode3Core.ideplugin/Contents/SharedSupport/Developer    setenv LEX lex    setenv LIBRARY_FLAG_NOSPACE YES    setenv LIBRARY_FLAG_PREFIX -l    setenv LIBRARY_SEARCH_PATHS "\"/Users/apple/Desktop/GuildBrowser/build/Debug-iphonesimulator\" "    setenv LINKER_DISPLAYS_MANGLED_NAMES NO    setenv LINK_FILE_LIST_normal_i386 /Users/apple/Desktop/GuildBrowser/build/GuildBrowser.build/Debug-iphonesimulator/GuildBrowserLogicTests.build/Objects-normal/i386/GuildBrowserLogicTests.LinkFileList    setenv LINK_WITH_STANDARD_LIBRARIES YES    setenv LOCALIZED_RESOURCES_FOLDER_PATH GuildBrowserLogicTests.octest/English.lproj    setenv LOCAL_ADMIN_APPS_DIR /Applications/Utilities    setenv LOCAL_APPS_DIR /Applications    setenv LOCAL_DEVELOPER_DIR /Library/Developer    setenv LOCAL_LIBRARY_DIR /Library    setenv MACH_O_TYPE mh_bundle    setenv MACOSX_DEPLOYMENT_TARGET 10.6    setenv MAC_OS_X_PRODUCT_BUILD_VERSION 11G63    setenv MAC_OS_X_VERSION_ACTUAL 1075    setenv MAC_OS_X_VERSION_MAJOR 1070    setenv MAC_OS_X_VERSION_MINOR 0705    setenv NATIVE_ARCH i386    setenv NATIVE_ARCH_32_BIT i386    setenv NATIVE_ARCH_64_BIT x86_64    setenv NATIVE_ARCH_ACTUAL x86_64    setenv NO_COMMON YES    setenv OBJC_ABI_VERSION 2    setenv OBJECT_FILE_DIR /Users/apple/Desktop/GuildBrowser/build/GuildBrowser.build/Debug-iphonesimulator/GuildBrowserLogicTests.build/Objects    setenv OBJECT_FILE_DIR_normal /Users/apple/Desktop/GuildBrowser/build/GuildBrowser.build/Debug-iphonesimulator/GuildBrowserLogicTests.build/Objects-normal    setenv OBJROOT /Users/apple/Desktop/GuildBrowser/build    setenv ONLY_ACTIVE_ARCH YES    setenv OPTIMIZATION_LEVEL 0    setenv OS MACOS    setenv OSAC /usr/bin/osacompile    setenv PACKAGE_TYPE com.apple.package-type.wrapper    setenv PASCAL_STRINGS YES    setenv PATH "/Applications/Xcode.app/Contents/Developer/Toolchains/XcodeDefault.xctoolchain/usr/bin:/Applications/Xcode.app/Contents/Developer/Toolchains/XcodeDefault.xctoolchain/usr/libexec:/Applications/Xcode.app/Contents/Developer/Platforms/iPhoneSimulator.platform/Developer/usr/bin:/Applications/Xcode.app/Contents/Developer/Platforms/iPhoneSimulator.platform/Developer/usr/local/bin:/Applications/Xcode.app/Contents/Developer/Platforms/iPhoneSimulator.platform/usr/bin:/Applications/Xcode.app/Contents/Developer/Platforms/iPhoneSimulator.platform/usr/local/bin:/Applications/Xcode.app/Contents/Developer/usr/bin:/Applications/Xcode.app/Contents/Developer/usr/local/bin:/Applications/Xcode.app/Contents/Developer/Tools:/usr/local/share/npm/bin:/usr/bin:/bin:/usr/sbin:/sbin:/usr/local/bin:/usr/X11/bin:/Users/apple/program/android/adt-bundle-mac-x86_64/sdk/platform-tools:/Users/apple/program/android/adt-bundle-mac-x86_64/sdk/tools"    setenv PATH_PREFIXES_EXCLUDED_FROM_HEADER_DEPENDENCIES "/usr/include /usr/local/include /System/Library/Frameworks /System/Library/PrivateFrameworks /Applications/Xcode.app/Contents/Developer/Headers /Applications/Xcode.app/Contents/Developer/SDKs /Applications/Xcode.app/Contents/Developer/Platforms"    setenv PBDEVELOPMENTPLIST_PATH GuildBrowserLogicTests.octest/pbdevelopment.plist    setenv PFE_FILE_C_DIALECTS objective-c    setenv PKGINFO_FILE_PATH /Users/apple/Desktop/GuildBrowser/build/GuildBrowser.build/Debug-iphonesimulator/GuildBrowserLogicTests.build/PkgInfo    setenv PKGINFO_PATH GuildBrowserLogicTests.octest/PkgInfo    setenv PLATFORM_DEVELOPER_APPLICATIONS_DIR /Applications/Xcode.app/Contents/Developer/Platforms/iPhoneSimulator.platform/Developer/Applications    setenv PLATFORM_DEVELOPER_BIN_DIR /Applications/Xcode.app/Contents/Developer/Platforms/iPhoneSimulator.platform/Developer/usr/bin    setenv PLATFORM_DEVELOPER_LIBRARY_DIR /Applications/Xcode.app/Contents/PlugIns/Xcode3Core.ideplugin/Contents/SharedSupport/Developer/Library    setenv PLATFORM_DEVELOPER_SDK_DIR /Applications/Xcode.app/Contents/Developer/Platforms/iPhoneSimulator.platform/Developer/SDKs    setenv PLATFORM_DEVELOPER_TOOLS_DIR /Applications/Xcode.app/Contents/Developer/Platforms/iPhoneSimulator.platform/Developer/Tools    setenv PLATFORM_DEVELOPER_USR_DIR /Applications/Xcode.app/Contents/Developer/Platforms/iPhoneSimulator.platform/Developer/usr    setenv PLATFORM_DIR /Applications/Xcode.app/Contents/Developer/Platforms/iPhoneSimulator.platform    setenv PLATFORM_NAME iphonesimulator    setenv PLATFORM_PREFERRED_ARCH i386    setenv PLATFORM_PRODUCT_BUILD_VERSION 10B141    setenv PLATFORM_VERSION_AVAILABILITY_H_FORMAT 60100    setenv PLIST_FILE_OUTPUT_FORMAT binary    setenv PLUGINS_FOLDER_PATH GuildBrowserLogicTests.octest/PlugIns    setenv PRECOMPS_INCLUDE_HEADERS_FROM_BUILT_PRODUCTS_DIR YES    setenv PRECOMP_DESTINATION_DIR /Users/apple/Desktop/GuildBrowser/build/GuildBrowser.build/Debug-iphonesimulator/GuildBrowserLogicTests.build/PrefixHeaders    setenv PRESERVE_DEAD_CODE_INITS_AND_TERMS NO    setenv PRIVATE_HEADERS_FOLDER_PATH GuildBrowserLogicTests.octest/PrivateHeaders    setenv PRODUCT_NAME GuildBrowserLogicTests    setenv PRODUCT_SETTINGS_PATH /Users/apple/Desktop/GuildBrowser/GuildBrowserLogicTests/GuildBrowserLogicTests-Info.plist    setenv PRODUCT_TYPE com.apple.product-type.bundle    setenv PROFILING_CODE NO    setenv PROJECT GuildBrowser    setenv PROJECT_DERIVED_FILE_DIR /Users/apple/Desktop/GuildBrowser/build/GuildBrowser.build/DerivedSources    setenv PROJECT_DIR /Users/apple/Desktop/GuildBrowser    setenv PROJECT_FILE_PATH /Users/apple/Desktop/GuildBrowser/GuildBrowser.xcodeproj    setenv PROJECT_NAME GuildBrowser    setenv PROJECT_TEMP_DIR /Users/apple/Desktop/GuildBrowser/build/GuildBrowser.build    setenv PROJECT_TEMP_ROOT /Users/apple/Desktop/GuildBrowser/build    setenv PUBLIC_HEADERS_FOLDER_PATH GuildBrowserLogicTests.octest/Headers    setenv RECURSIVE_SEARCH_PATHS_FOLLOW_SYMLINKS YES    setenv REMOVE_CVS_FROM_RESOURCES YES    setenv REMOVE_GIT_FROM_RESOURCES YES    setenv REMOVE_HG_FROM_RESOURCES YES    setenv REMOVE_SVN_FROM_RESOURCES YES    setenv REZ_COLLECTOR_DIR /Users/apple/Desktop/GuildBrowser/build/GuildBrowser.build/Debug-iphonesimulator/GuildBrowserLogicTests.build/ResourceManagerResources    setenv REZ_OBJECTS_DIR /Users/apple/Desktop/GuildBrowser/build/GuildBrowser.build/Debug-iphonesimulator/GuildBrowserLogicTests.build/ResourceManagerResources/Objects    setenv REZ_SEARCH_PATHS "\"/Users/apple/Desktop/GuildBrowser/build/Debug-iphonesimulator\" "    setenv RUN_CLANG_STATIC_ANALYZER NO    setenv SCAN_ALL_SOURCE_FILES_FOR_INCLUDES NO    setenv SCRIPTS_FOLDER_PATH GuildBrowserLogicTests.octest/Scripts    setenv SCRIPT_INPUT_FILE_COUNT 0    setenv SCRIPT_OUTPUT_FILE_COUNT 0    setenv SDKROOT /Applications/Xcode.app/Contents/Developer/Platforms/iPhoneSimulator.platform/Developer/SDKs/iPhoneSimulator6.1.sdk    setenv SDK_DIR /Applications/Xcode.app/Contents/Developer/Platforms/iPhoneSimulator.platform/Developer/SDKs/iPhoneSimulator6.1.sdk    setenv SDK_NAME iphonesimulator6.1    setenv SDK_PRODUCT_BUILD_VERSION 10B141    setenv SED /usr/bin/sed    setenv SEPARATE_STRIP NO    setenv SEPARATE_SYMBOL_EDIT NO    setenv SET_DIR_MODE_OWNER_GROUP YES    setenv SET_FILE_MODE_OWNER_GROUP NO    setenv SHALLOW_BUNDLE YES    setenv SHARED_DERIVED_FILE_DIR /Users/apple/Desktop/GuildBrowser/build/Debug-iphonesimulator/DerivedSources    setenv SHARED_FRAMEWORKS_FOLDER_PATH GuildBrowserLogicTests.octest/SharedFrameworks    setenv SHARED_PRECOMPS_DIR /var/folders/s9/ksz8316j6p10jb02_sz5b9fh0000gn/C/com.apple.Xcode.501/SharedPrecompiledHeaders    setenv SHARED_SUPPORT_FOLDER_PATH GuildBrowserLogicTests.octest/SharedSupport    setenv SKIP_INSTALL YES    setenv SOURCE_ROOT /Users/apple/Desktop/GuildBrowser    setenv SRCROOT /Users/apple/Desktop/GuildBrowser    setenv STRINGS_FILE_OUTPUT_ENCODING binary    setenv STRIP_INSTALLED_PRODUCT YES    setenv STRIP_STYLE non-global    setenv SUPPORTED_DEVICE_FAMILIES "1 2"    setenv SUPPORTED_PLATFORMS "iphonesimulator iphoneos"    setenv SYMROOT /Users/apple/Desktop/GuildBrowser/build    setenv SYSTEM_ADMIN_APPS_DIR /Applications/Utilities    setenv SYSTEM_APPS_DIR /Applications    setenv SYSTEM_CORE_SERVICES_DIR /System/Library/CoreServices    setenv SYSTEM_DEMOS_DIR /Applications/Extras    setenv SYSTEM_DEVELOPER_APPS_DIR /Applications/Xcode.app/Contents/Developer/Applications    setenv SYSTEM_DEVELOPER_BIN_DIR /Applications/Xcode.app/Contents/Developer/usr/bin    setenv SYSTEM_DEVELOPER_DEMOS_DIR "/Applications/Xcode.app/Contents/Developer/Applications/Utilities/Built Examples"    setenv SYSTEM_DEVELOPER_DIR /Applications/Xcode.app/Contents/Developer    setenv SYSTEM_DEVELOPER_DOC_DIR "/Applications/Xcode.app/Contents/Developer/ADC Reference Library"    setenv SYSTEM_DEVELOPER_GRAPHICS_TOOLS_DIR "/Applications/Xcode.app/Contents/Developer/Applications/Graphics Tools"    setenv SYSTEM_DEVELOPER_JAVA_TOOLS_DIR "/Applications/Xcode.app/Contents/Developer/Applications/Java Tools"    setenv SYSTEM_DEVELOPER_PERFORMANCE_TOOLS_DIR "/Applications/Xcode.app/Contents/Developer/Applications/Performance Tools"    setenv SYSTEM_DEVELOPER_RELEASENOTES_DIR "/Applications/Xcode.app/Contents/Developer/ADC Reference Library/releasenotes"    setenv SYSTEM_DEVELOPER_TOOLS /Applications/Xcode.app/Contents/Developer/Tools    setenv SYSTEM_DEVELOPER_TOOLS_DOC_DIR "/Applications/Xcode.app/Contents/Developer/ADC Reference Library/documentation/DeveloperTools"    setenv SYSTEM_DEVELOPER_TOOLS_RELEASENOTES_DIR "/Applications/Xcode.app/Contents/Developer/ADC Reference Library/releasenotes/DeveloperTools"    setenv SYSTEM_DEVELOPER_USR_DIR /Applications/Xcode.app/Contents/Developer/usr    setenv SYSTEM_DEVELOPER_UTILITIES_DIR /Applications/Xcode.app/Contents/Developer/Applications/Utilities    setenv SYSTEM_DOCUMENTATION_DIR /Library/Documentation    setenv SYSTEM_LIBRARY_DIR /System/Library    setenv TARGETED_DEVICE_FAMILY 1    setenv TARGETNAME GuildBrowserLogicTests    setenv TARGET_BUILD_DIR /Users/apple/Desktop/GuildBrowser/build/Debug-iphonesimulator    setenv TARGET_NAME GuildBrowserLogicTests    setenv TARGET_TEMP_DIR /Users/apple/Desktop/GuildBrowser/build/GuildBrowser.build/Debug-iphonesimulator/GuildBrowserLogicTests.build    setenv TEMP_DIR /Users/apple/Desktop/GuildBrowser/build/GuildBrowser.build/Debug-iphonesimulator/GuildBrowserLogicTests.build    setenv TEMP_FILES_DIR /Users/apple/Desktop/GuildBrowser/build/GuildBrowser.build/Debug-iphonesimulator/GuildBrowserLogicTests.build    setenv TEMP_FILE_DIR /Users/apple/Desktop/GuildBrowser/build/GuildBrowser.build/Debug-iphonesimulator/GuildBrowserLogicTests.build    setenv TEMP_ROOT /Users/apple/Desktop/GuildBrowser/build    setenv TEST_AFTER_BUILD YES    setenv TOOLCHAINS com.apple.dt.toolchain.XcodeDefault    setenv UID 501    setenv UNLOCALIZED_RESOURCES_FOLDER_PATH GuildBrowserLogicTests.octest    setenv UNSTRIPPED_PRODUCT NO    setenv USER apple    setenv USER_APPS_DIR /Users/apple/Applications    setenv USER_LIBRARY_DIR /Users/apple/Library    setenv USE_DYNAMIC_NO_PIC YES    setenv USE_HEADERMAP YES    setenv USE_HEADER_SYMLINKS NO    setenv VALIDATE_PRODUCT NO    setenv VALID_ARCHS i386    setenv VERBOSE_PBXCP NO    setenv VERSIONPLIST_PATH GuildBrowserLogicTests.octest/version.plist    setenv VERSION_INFO_BUILDER apple    setenv VERSION_INFO_FILE GuildBrowserLogicTests_vers.c    setenv VERSION_INFO_STRING "\"@(#)PROGRAM:GuildBrowserLogicTests  PROJECT:GuildBrowser-\""    setenv WRAPPER_EXTENSION octest    setenv WRAPPER_NAME GuildBrowserLogicTests.octest    setenv WRAPPER_SUFFIX .octest    setenv XCODE_APP_SUPPORT_DIR /Applications/Xcode.app/Contents/Developer/Library/Xcode    setenv XCODE_PRODUCT_BUILD_VERSION 4H127    setenv XCODE_VERSION_ACTUAL 0460    setenv XCODE_VERSION_MAJOR 0400    setenv XCODE_VERSION_MINOR 0460    setenv YACC yacc    /bin/sh -c /Users/apple/Desktop/GuildBrowser/build/GuildBrowser.build/Debug-iphonesimulator/GuildBrowserLogicTests.build/Script-18B834A017DCADD300C3664F.sh36"08D8A266-63FB-4928-A063-AF4F0AF942A1-

CProcessInfoPlistFile /Users/apple/Desktop/GuildBrowser/build/Debug-iphonesimulator/GuildBrowserLogicTests.octest/Info.plist GuildBrowserLogicTests/GuildBrowserLogicTests-Info.plist
s400351589.394561
e400351589.398391
r1
xProcessInfoPlistFile
x/Users/apple/Desktop/GuildBrowser/build/Debug-iphonesimulator/GuildBrowserLogicTests.octest/Info.plist
xGuildBrowserLogicTests/GuildBrowserLogicTests-Info.plist
lSLF05#21%IDEActivityLogSection1@2#32"com.apple.dt.IDE.BuildLogSection64"Process GuildBrowserLogicTests/GuildBrowserLogicTests-Info.plist041d6565e1dcb741^05fd6565e1dcb741^---0#0#0#-19%DVTDocumentLocation2@106"file://localhost/Users/apple/Desktop/GuildBrowser/GuildBrowserLogicTests/GuildBrowserLogicTests-Info.plist0000000000000000^821"ProcessInfoPlistFile build/Debug-iphonesimulator/GuildBrowserLogicTests.octest/Info.plist GuildBrowserLogicTests/GuildBrowserLogicTests-Info.plist    cd /Users/apple/Desktop/GuildBrowser    setenv PATH "/Applications/Xcode.app/Contents/Developer/Platforms/iPhoneSimulator.platform/Developer/usr/bin:/Applications/Xcode.app/Contents/Developer/usr/bin:/usr/local/share/npm/bin:/usr/bin:/bin:/usr/sbin:/sbin:/usr/local/bin:/usr/X11/bin:/Users/apple/program/android/adt-bundle-mac-x86_64/sdk/platform-tools:/Users/apple/program/android/adt-bundle-mac-x86_64/sdk/tools"    builtin-infoPlistUtility GuildBrowserLogicTests/GuildBrowserLogicTests-Info.plist -expandbuildsettings -format binary -platform iphonesimulator -o /Users/apple/Desktop/GuildBrowser/build/Debug-iphonesimulator/GuildBrowserLogicTests.octest/Info.plist36"68244BD3-B8D9-400C-B4F0-F8BF83A86DD2-

CProcessPCH /var/folders/s9/ksz8316j6p10jb02_sz5b9fh0000gn/C/com.apple.Xcode.501/SharedPrecompiledHeaders/GuildBrowserLogicTests-Prefix-fjocuxeseovragbzreoujxkawgmz/GuildBrowserLogicTests-Prefix.pch.pth GuildBrowserLogicTests/GuildBrowserLogicTests-Prefix.pch normal i386 objective-c com.apple.compilers.llvm.clang.1_0.compiler
s400351589.407059
e400351589.729426
r1
xProcessPCH
x/var/folders/s9/ksz8316j6p10jb02_sz5b9fh0000gn/C/com.apple.Xcode.501/SharedPrecompiledHeaders/GuildBrowserLogicTests-Prefix-fjocuxeseovragbzreoujxkawgmz/GuildBrowserLogicTests-Prefix.pch.pth
xGuildBrowserLogicTests/GuildBrowserLogicTests-Prefix.pch
xnormal
xi386
xobjective-c
xcom.apple.compilers.llvm.clang.1_0.compiler
lSLF05#21%IDEActivityLogSection1@2#32"com.apple.dt.IDE.BuildLogSection67"Precompile GuildBrowserLogicTests/GuildBrowserLogicTests-Prefix.pch25776865e1dcb741^f1baba65e1dcb741^---0#0#0#-19%DVTDocumentLocation2@106"file://localhost/Users/apple/Desktop/GuildBrowser/GuildBrowserLogicTests/GuildBrowserLogicTests-Prefix.pch0000000000000000^4154"ProcessPCH /var/folders/s9/ksz8316j6p10jb02_sz5b9fh0000gn/C/com.apple.Xcode.501/SharedPrecompiledHeaders/GuildBrowserLogicTests-Prefix-fjocuxeseovragbzreoujxkawgmz/GuildBrowserLogicTests-Prefix.pch.pth GuildBrowserLogicTests/GuildBrowserLogicTests-Prefix.pch normal i386 objective-c com.apple.compilers.llvm.clang.1_0.compiler    cd /Users/apple/Desktop/GuildBrowser    setenv LANG en_US.US-ASCII    setenv PATH "/Applications/Xcode.app/Contents/Developer/Platforms/iPhoneSimulator.platform/Developer/usr/bin:/Applications/Xcode.app/Contents/Developer/usr/bin:/usr/local/share/npm/bin:/usr/bin:/bin:/usr/sbin:/sbin:/usr/local/bin:/usr/X11/bin:/Users/apple/program/android/adt-bundle-mac-x86_64/sdk/platform-tools:/Users/apple/program/android/adt-bundle-mac-x86_64/sdk/tools"    /Applications/Xcode.app/Contents/Developer/Toolchains/XcodeDefault.xctoolchain/usr/bin/clang -x objective-c-header -arch i386 -fmessage-length=0 -std=gnu99 -fobjc-arc -Wno-trigraphs -fpascal-strings -O0 -Wno-missing-field-initializers -Wno-missing-prototypes -Wreturn-type -Wno-implicit-atomic-properties -Wno-receiver-is-weak -Wduplicate-method-match -Wformat -Wno-missing-braces -Wparentheses -Wswitch -Wno-unused-function -Wno-unused-label -Wno-unused-parameter -Wunused-variable -Wunused-value -Wempty-body -Wuninitialized -Wno-unknown-pragmas -Wno-shadow -Wno-four-char-constants -Wno-conversion -Wconstant-conversion -Wint-conversion -Wenum-conversion -Wno-shorten-64-to-32 -Wpointer-sign -Wno-newline-eof -Wno-selector -Wno-strict-selector-match -Wno-undeclared-selector -Wno-deprecated-implementations -DDEBUG=1 -isysroot /Applications/Xcode.app/Contents/Developer/Platforms/iPhoneSimulator.platform/Developer/SDKs/iPhoneSimulator6.1.sdk -fexceptions -fasm-blocks -fstrict-aliasing -Wprotocol -Wdeprecated-declarations -g -Wno-sign-conversion -fobjc-abi-version=2 -fobjc-legacy-dispatch -mios-simulator-version-min=6.1 -iquote /Users/apple/Desktop/GuildBrowser/build/GuildBrowser.build/Debug-iphonesimulator/GuildBrowserLogicTests.build/GuildBrowserLogicTests-generated-files.hmap -I/Users/apple/Desktop/GuildBrowser/build/GuildBrowser.build/Debug-iphonesimulator/GuildBrowserLogicTests.build/GuildBrowserLogicTests-own-target-headers.hmap -I/Users/apple/Desktop/GuildBrowser/build/GuildBrowser.build/Debug-iphonesimulator/GuildBrowserLogicTests.build/GuildBrowserLogicTests-all-target-headers.hmap -iquote /Users/apple/Desktop/GuildBrowser/build/GuildBrowser.build/Debug-iphonesimulator/GuildBrowserLogicTests.build/GuildBrowserLogicTests-project-headers.hmap -I/Users/apple/Desktop/GuildBrowser/build/Debug-iphonesimulator/include -I/Applications/Xcode.app/Contents/Developer/Toolchains/XcodeDefault.xctoolchain/usr/include -I/Applications/Xcode.app/Contents/Developer/Toolchains/XcodeDefault.xctoolchain/usr/include -I/Applications/Xcode.app/Contents/Developer/Toolchains/XcodeDefault.xctoolchain/usr/include -I/Users/apple/Desktop/GuildBrowser/build/GuildBrowser.build/Debug-iphonesimulator/GuildBrowserLogicTests.build/DerivedSources/i386 -I/Users/apple/Desktop/GuildBrowser/build/GuildBrowser.build/Debug-iphonesimulator/GuildBrowserLogicTests.build/DerivedSources -F/Users/apple/Desktop/GuildBrowser/build/Debug-iphonesimulator -F/Applications/Xcode.app/Contents/Developer/Platforms/iPhoneSimulator.platform/Developer/SDKs/iPhoneSimulator6.1.sdk/Developer/Library/Frameworks -F/Applications/Xcode.app/Contents/Developer/Library/Frameworks --serialize-diagnostics /var/folders/s9/ksz8316j6p10jb02_sz5b9fh0000gn/C/com.apple.Xcode.501/SharedPrecompiledHeaders/GuildBrowserLogicTests-Prefix-fjocuxeseovragbzreoujxkawgmz/GuildBrowserLogicTests-Prefix.pch.dia -c /Users/apple/Desktop/GuildBrowser/GuildBrowserLogicTests/GuildBrowserLogicTests-Prefix.pch -o /var/folders/s9/ksz8316j6p10jb02_sz5b9fh0000gn/C/com.apple.Xcode.501/SharedPrecompiledHeaders/GuildBrowserLogicTests-Prefix-fjocuxeseovragbzreoujxkawgmz/GuildBrowserLogicTests-Prefix.pch.pth -MMD -MT dependencies -MF /var/folders/s9/ksz8316j6p10jb02_sz5b9fh0000gn/C/com.apple.Xcode.501/SharedPrecompiledHeaders/GuildBrowserLogicTests-Prefix-fjocuxeseovragbzreoujxkawgmz/GuildBrowserLogicTests-Prefix.pch.d36"43BDB0CD-AEFA-4BF6-B186-3DE580A77E0F-

CTouch /Users/apple/Desktop/GuildBrowser/build/Debug-iphonesimulator/GuildBrowserLogicTests.octest
s400351590.313016
e400351590.317701
r1
xTouch
x/Users/apple/Desktop/GuildBrowser/build/Debug-iphonesimulator/GuildBrowserLogicTests.octest
lSLF05#21%IDEActivityLogSection1@2#32"com.apple.dt.IDE.BuildLogSection97"Touch /Users/apple/Desktop/GuildBrowser/build/Debug-iphonesimulator/GuildBrowserLogicTests.octestf8375066e1dcb741^fc545166e1dcb741^---0#0#0#--598"Touch build/Debug-iphonesimulator/GuildBrowserLogicTests.octest    cd /Users/apple/Desktop/GuildBrowser    setenv PATH "/Applications/Xcode.app/Contents/Developer/Platforms/iPhoneSimulator.platform/Developer/usr/bin:/Applications/Xcode.app/Contents/Developer/usr/bin:/usr/local/share/npm/bin:/usr/bin:/bin:/usr/sbin:/sbin:/usr/local/bin:/usr/X11/bin:/Users/apple/program/android/adt-bundle-mac-x86_64/sdk/platform-tools:/Users/apple/program/android/adt-bundle-mac-x86_64/sdk/tools"    /usr/bin/touch -c /Users/apple/Desktop/GuildBrowser/build/Debug-iphonesimulator/GuildBrowserLogicTests.octest36"D2C3A89C-966B-449E-B460-CFC983290BD2-

